21:28:55.199 [main] INFO  pages.HomePage - Clicked on "MY ACCOUNT" successful 
21:28:55.852 [main] INFO  pages.MyAccountPage - Starting registerNewAccountTest
21:28:55.853 [main] INFO  pages.MyAccountPage - Sending faker email data
21:28:56.146 [main] INFO  pages.MyAccountPage - Sending faker password data
21:28:56.314 [main] INFO  pages.MyAccountPage - Click on registerButton
21:28:58.183 [main] INFO  pages.MyAccountPage - registerNewAccount completed successful
21:29:06.873 [main] INFO  basemethod.BaseMethod - ******************************
21:29:06.873 [main] INFO  basemethod.BaseMethod - ***********STARTING***********
21:29:06.873 [main] INFO  basemethod.BaseMethod - ******************************
21:29:06.875 [main] INFO  pages.HomePage - MyAccount Test
21:29:06.875 [main] INFO  pages.HomePage - Click on MyAccount
21:29:12.606 [main] INFO  pages.HomePage - Clicked on "MY ACCOUNT" successful 
21:29:13.062 [main] INFO  pages.MyAccountPage - Starting registerNewAccountTest
21:29:13.063 [main] INFO  pages.MyAccountPage - Sending faker email data
21:29:13.356 [main] INFO  pages.MyAccountPage - Sending faker password data
21:29:13.544 [main] INFO  pages.MyAccountPage - Click on registerButton
21:29:15.255 [main] INFO  pages.MyAccountPage - registerNewAccount completed successful
21:29:24.590 [main] INFO  basemethod.BaseMethod - ******************************
21:29:24.591 [main] INFO  basemethod.BaseMethod - ***********STARTING***********
21:29:24.591 [main] INFO  basemethod.BaseMethod - ******************************
21:29:24.594 [main] INFO  pages.HomePage - MyAccount Test
21:29:24.594 [main] INFO  pages.HomePage - Click on MyAccount
21:29:30.021 [main] INFO  pages.HomePage - Clicked on "MY ACCOUNT" successful 
21:29:30.460 [main] INFO  pages.MyAccountPage - Starting registerNewAccountTest
21:29:30.461 [main] INFO  pages.MyAccountPage - Sending faker email data
21:29:30.732 [main] INFO  pages.MyAccountPage - Sending faker password data
21:29:30.932 [main] INFO  pages.MyAccountPage - Click on registerButton
21:29:32.792 [main] INFO  pages.MyAccountPage - registerNewAccount completed successful
21:29:41.380 [main] INFO  basemethod.BaseMethod - ******************************
21:29:41.381 [main] INFO  basemethod.BaseMethod - ***********STARTING***********
21:29:41.381 [main] INFO  basemethod.BaseMethod - ******************************
21:29:41.384 [main] INFO  pages.HomePage - MyAccount Test
21:29:41.384 [main] INFO  pages.HomePage - Click on MyAccount
21:29:46.559 [main] INFO  pages.HomePage - Clicked on "MY ACCOUNT" successful 
21:29:47.206 [main] INFO  pages.MyAccountPage - Starting registerNewAccountTest
21:29:47.207 [main] INFO  pages.MyAccountPage - Sending faker email data
21:29:47.470 [main] INFO  pages.MyAccountPage - Sending faker password data
21:29:47.621 [main] INFO  pages.MyAccountPage - Click on registerButton
21:29:49.346 [main] INFO  pages.MyAccountPage - registerNewAccount completed successful
21:30:44.139 [main] INFO  basemethod.BaseMethod - ******************************
21:30:44.143 [main] INFO  basemethod.BaseMethod - ***********STARTING***********
21:30:44.143 [main] INFO  basemethod.BaseMethod - ******************************
21:30:44.172 [main] INFO  pages.HomePage - MyAccount Test
21:30:44.173 [main] INFO  pages.HomePage - Click on MyAccount
21:30:50.017 [main] INFO  pages.HomePage - Clicked on "MY ACCOUNT" successful 
21:30:50.582 [main] INFO  pages.MyAccountPage - Starting registerNewAccountTest
21:30:50.604 [main] INFO  pages.MyAccountPage - Sending faker email data
21:30:51.025 [main] INFO  pages.MyAccountPage - Sending faker password data
21:30:51.202 [main] INFO  pages.MyAccountPage - Click on registerButton
21:30:53.940 [main] INFO  pages.MyAccountPage - registerNewAccount completed successful
21:31:02.934 [main] INFO  basemethod.BaseMethod - ******************************
21:31:02.935 [main] INFO  basemethod.BaseMethod - ***********STARTING***********
21:31:02.935 [main] INFO  basemethod.BaseMethod - ******************************
21:31:02.937 [main] INFO  pages.HomePage - MyAccount Test
21:31:02.938 [main] INFO  pages.HomePage - Click on MyAccount
21:31:08.198 [main] INFO  pages.HomePage - Clicked on "MY ACCOUNT" successful 
21:31:08.873 [main] INFO  pages.MyAccountPage - Starting registerNewAccountTest
21:31:08.874 [main] INFO  pages.MyAccountPage - Sending faker email data
21:31:09.155 [main] INFO  pages.MyAccountPage - Sending faker password data
21:31:09.346 [main] INFO  pages.MyAccountPage - Click on registerButton
21:31:11.262 [main] INFO  pages.MyAccountPage - registerNewAccount completed successful
21:31:20.270 [main] INFO  basemethod.BaseMethod - ******************************
21:31:20.270 [main] INFO  basemethod.BaseMethod - ***********STARTING***********
21:31:20.270 [main] INFO  basemethod.BaseMethod - ******************************
21:31:20.273 [main] INFO  pages.HomePage - MyAccount Test
21:31:20.273 [main] INFO  pages.HomePage - Click on MyAccount
21:31:25.683 [main] INFO  pages.HomePage - Clicked on "MY ACCOUNT" successful 
21:31:26.130 [main] INFO  pages.MyAccountPage - Starting registerNewAccountTest
21:31:26.131 [main] INFO  pages.MyAccountPage - Sending faker email data
21:31:26.398 [main] INFO  pages.MyAccountPage - Sending faker password data
21:31:26.561 [main] INFO  pages.MyAccountPage - Click on registerButton
21:31:28.420 [main] INFO  pages.MyAccountPage - registerNewAccount completed successful
21:31:37.057 [main] INFO  basemethod.BaseMethod - ******************************
21:31:37.057 [main] INFO  basemethod.BaseMethod - ***********STARTING***********
21:31:37.058 [main] INFO  basemethod.BaseMethod - ******************************
21:31:37.060 [main] INFO  pages.HomePage - MyAccount Test
21:31:37.061 [main] INFO  pages.HomePage - Click on MyAccount
21:31:42.497 [main] INFO  pages.HomePage - Clicked on "MY ACCOUNT" successful 
21:31:42.963 [main] INFO  pages.MyAccountPage - Starting registerNewAccountTest
21:31:42.963 [main] INFO  pages.MyAccountPage - Sending faker email data
21:31:43.228 [main] INFO  pages.MyAccountPage - Sending faker password data
21:31:43.408 [main] INFO  pages.MyAccountPage - Click on registerButton
21:31:45.696 [main] INFO  pages.MyAccountPage - registerNewAccount completed successful
21:31:54.166 [main] INFO  basemethod.BaseMethod - ******************************
21:31:54.167 [main] INFO  basemethod.BaseMethod - ***********STARTING***********
21:31:54.167 [main] INFO  basemethod.BaseMethod - ******************************
21:31:54.169 [main] INFO  pages.HomePage - MyAccount Test
21:31:54.169 [main] INFO  pages.HomePage - Click on MyAccount
21:31:59.576 [main] INFO  pages.HomePage - Clicked on "MY ACCOUNT" successful 
21:32:00.094 [main] INFO  pages.MyAccountPage - Starting registerNewAccountTest
21:32:00.094 [main] INFO  pages.MyAccountPage - Sending faker email data
21:32:00.369 [main] INFO  pages.MyAccountPage - Sending faker password data
21:32:00.528 [main] INFO  pages.MyAccountPage - Click on registerButton
21:32:02.554 [main] INFO  pages.MyAccountPage - registerNewAccount completed successful
21:32:50.008 [main] INFO  basemethod.BaseMethod - ******************************
21:32:50.013 [main] INFO  basemethod.BaseMethod - ***********STARTING***********
21:32:50.013 [main] INFO  basemethod.BaseMethod - ******************************
21:32:50.048 [main] INFO  pages.HomePage - MyAccount Test
21:32:50.049 [main] INFO  pages.HomePage - Click on MyAccount
21:32:55.714 [main] INFO  pages.HomePage - Clicked on "MY ACCOUNT" successful 
21:32:56.366 [main] INFO  pages.MyAccountPage - Starting registerNewAccountTest
21:32:56.389 [main] INFO  pages.MyAccountPage - Sending faker email data
21:32:56.907 [main] INFO  pages.MyAccountPage - Sending faker password data
21:32:57.096 [main] INFO  pages.MyAccountPage - Click on registerButton
21:32:59.679 [main] INFO  pages.MyAccountPage - registerNewAccount completed successful
21:33:09.153 [main] INFO  basemethod.BaseMethod - ******************************
21:33:09.153 [main] INFO  basemethod.BaseMethod - ***********STARTING***********
21:33:09.154 [main] INFO  basemethod.BaseMethod - ******************************
21:33:09.156 [main] INFO  pages.HomePage - MyAccount Test
21:33:09.157 [main] INFO  pages.HomePage - Click on MyAccount
21:33:15.045 [main] INFO  pages.HomePage - Clicked on "MY ACCOUNT" successful 
21:33:15.738 [main] INFO  pages.MyAccountPage - Starting registerNewAccountTest
21:33:15.740 [main] INFO  pages.MyAccountPage - Sending faker email data
21:33:16.021 [main] INFO  pages.MyAccountPage - Sending faker password data
21:33:16.196 [main] INFO  pages.MyAccountPage - Click on registerButton
21:33:18.539 [main] INFO  pages.MyAccountPage - registerNewAccount completed successful
21:33:27.564 [main] INFO  basemethod.BaseMethod - ******************************
21:33:27.565 [main] INFO  basemethod.BaseMethod - ***********STARTING***********
21:33:27.565 [main] INFO  basemethod.BaseMethod - ******************************
21:33:27.569 [main] INFO  pages.HomePage - MyAccount Test
21:33:27.569 [main] INFO  pages.HomePage - Click on MyAccount
21:33:33.464 [main] INFO  pages.HomePage - Clicked on "MY ACCOUNT" successful 
21:33:34.113 [main] INFO  pages.MyAccountPage - Starting registerNewAccountTest
21:33:34.114 [main] INFO  pages.MyAccountPage - Sending faker email data
21:33:34.397 [main] INFO  pages.MyAccountPage - Sending faker password data
21:33:34.549 [main] INFO  pages.MyAccountPage - Click on registerButton
21:33:36.425 [main] INFO  pages.MyAccountPage - registerNewAccount completed successful
21:33:45.327 [main] INFO  basemethod.BaseMethod - ******************************
21:33:45.327 [main] INFO  basemethod.BaseMethod - ***********STARTING***********
21:33:45.327 [main] INFO  basemethod.BaseMethod - ******************************
21:33:45.329 [main] INFO  pages.HomePage - MyAccount Test
21:33:45.329 [main] INFO  pages.HomePage - Click on MyAccount
21:33:50.922 [main] INFO  pages.HomePage - Clicked on "MY ACCOUNT" successful 
21:33:51.626 [main] INFO  pages.MyAccountPage - Starting registerNewAccountTest
21:33:51.627 [main] INFO  pages.MyAccountPage - Sending faker email data
21:33:51.870 [main] INFO  pages.MyAccountPage - Sending faker password data
