21:14:02.438 [main] INFO  pages.MyAccountPage - Sending faker email data
21:14:02.722 [main] INFO  pages.MyAccountPage - Sending faker password data
21:14:02.876 [main] INFO  pages.MyAccountPage - Click on registerButton
21:14:04.774 [main] INFO  pages.MyAccountPage - registerNewAccount completed successful
21:14:13.423 [main] INFO  basemethod.BaseMethod - ******************************
21:14:13.424 [main] INFO  basemethod.BaseMethod - ***********STARTING***********
21:14:13.424 [main] INFO  basemethod.BaseMethod - ******************************
21:14:13.427 [main] INFO  pages.HomePage - MyAccount Test
21:14:13.427 [main] INFO  pages.HomePage - Click on MyAccount
21:14:20.705 [main] INFO  pages.HomePage - Clicked on "MY ACCOUNT" successful 
21:14:21.570 [main] INFO  pages.MyAccountPage - Starting registerNewAccountTest
21:14:21.571 [main] INFO  pages.MyAccountPage - Sending faker email data
21:14:21.808 [main] INFO  pages.MyAccountPage - Sending faker password data
21:14:22.078 [main] INFO  pages.MyAccountPage - Click on registerButton
21:14:23.976 [main] INFO  pages.MyAccountPage - registerNewAccount completed successful
21:16:14.648 [main] INFO  basemethod.BaseMethod - ******************************
21:16:14.653 [main] INFO  basemethod.BaseMethod - ***********STARTING***********
21:16:14.653 [main] INFO  basemethod.BaseMethod - ******************************
21:16:14.736 [main] INFO  pages.HomePage - MyAccount Test
21:16:14.737 [main] INFO  pages.HomePage - Click on MyAccount
21:16:21.040 [main] INFO  pages.HomePage - Clicked on "MY ACCOUNT" successful 
21:16:21.744 [main] INFO  pages.MyAccountPage - Starting registerNewAccountTest
21:16:21.787 [main] INFO  pages.MyAccountPage - Sending faker email data
21:16:22.182 [main] INFO  pages.MyAccountPage - Sending faker password data
21:16:22.380 [main] INFO  pages.MyAccountPage - Click on registerButton
21:16:25.055 [main] INFO  pages.MyAccountPage - registerNewAccount completed successful
21:16:34.001 [main] INFO  basemethod.BaseMethod - ******************************
21:16:34.001 [main] INFO  basemethod.BaseMethod - ***********STARTING***********
21:16:34.002 [main] INFO  basemethod.BaseMethod - ******************************
21:16:34.004 [main] INFO  pages.HomePage - MyAccount Test
21:16:34.005 [main] INFO  pages.HomePage - Click on MyAccount
21:16:39.851 [main] INFO  pages.HomePage - Clicked on "MY ACCOUNT" successful 
21:16:40.500 [main] INFO  pages.MyAccountPage - Starting registerNewAccountTest
21:16:40.501 [main] INFO  pages.MyAccountPage - Sending faker email data
21:16:40.785 [main] INFO  pages.MyAccountPage - Sending faker password data
21:16:41.008 [main] INFO  pages.MyAccountPage - Click on registerButton
21:16:42.937 [main] INFO  pages.MyAccountPage - registerNewAccount completed successful
21:16:51.988 [main] INFO  basemethod.BaseMethod - ******************************
21:16:51.989 [main] INFO  basemethod.BaseMethod - ***********STARTING***********
21:16:51.989 [main] INFO  basemethod.BaseMethod - ******************************
21:16:51.992 [main] INFO  pages.HomePage - MyAccount Test
21:16:51.992 [main] INFO  pages.HomePage - Click on MyAccount
21:16:57.956 [main] INFO  pages.HomePage - Clicked on "MY ACCOUNT" successful 
21:16:58.394 [main] INFO  pages.MyAccountPage - Starting registerNewAccountTest
21:16:58.395 [main] INFO  pages.MyAccountPage - Sending faker email data
21:16:58.691 [main] INFO  pages.MyAccountPage - Sending faker password data
21:16:58.884 [main] INFO  pages.MyAccountPage - Click on registerButton
21:17:00.614 [main] INFO  pages.MyAccountPage - registerNewAccount completed successful
21:17:09.428 [main] INFO  basemethod.BaseMethod - ******************************
21:17:09.428 [main] INFO  basemethod.BaseMethod - ***********STARTING***********
21:17:09.429 [main] INFO  basemethod.BaseMethod - ******************************
21:17:09.431 [main] INFO  pages.HomePage - MyAccount Test
21:17:09.431 [main] INFO  pages.HomePage - Click on MyAccount
21:17:15.464 [main] INFO  pages.HomePage - Clicked on "MY ACCOUNT" successful 
21:17:15.908 [main] INFO  pages.MyAccountPage - Starting registerNewAccountTest
21:17:15.909 [main] INFO  pages.MyAccountPage - Sending faker email data
21:17:16.215 [main] INFO  pages.MyAccountPage - Sending faker password data
21:17:16.379 [main] INFO  pages.MyAccountPage - Click on registerButton
21:17:18.687 [main] INFO  pages.MyAccountPage - registerNewAccount completed successful
21:17:27.411 [main] INFO  basemethod.BaseMethod - ******************************
21:17:27.417 [main] INFO  basemethod.BaseMethod - ***********STARTING***********
21:17:27.417 [main] INFO  basemethod.BaseMethod - ******************************
21:17:27.422 [main] INFO  pages.HomePage - MyAccount Test
21:17:27.423 [main] INFO  pages.HomePage - Click on MyAccount
21:17:32.931 [main] INFO  pages.HomePage - Clicked on "MY ACCOUNT" successful 
21:17:33.371 [main] INFO  pages.MyAccountPage - Starting registerNewAccountTest
21:17:33.372 [main] INFO  pages.MyAccountPage - Sending faker email data
21:17:33.680 [main] INFO  pages.MyAccountPage - Sending faker password data
21:17:33.820 [main] INFO  pages.MyAccountPage - Click on registerButton
21:17:35.610 [main] INFO  pages.MyAccountPage - registerNewAccount completed successful
21:24:27.388 [main] INFO  basemethod.BaseMethod - ******************************
21:24:27.394 [main] INFO  basemethod.BaseMethod - ***********STARTING***********
21:24:27.395 [main] INFO  basemethod.BaseMethod - ******************************
21:24:27.435 [main] INFO  pages.HomePage - MyAccount Test
21:24:27.435 [main] INFO  pages.HomePage - Click on MyAccount
21:24:33.220 [main] INFO  pages.HomePage - Clicked on "MY ACCOUNT" successful 
21:24:33.923 [main] INFO  pages.MyAccountPage - Starting registerNewAccountTest
21:24:33.956 [main] INFO  pages.MyAccountPage - Sending faker email data
21:24:34.356 [main] INFO  pages.MyAccountPage - Sending faker password data
21:24:34.581 [main] INFO  pages.MyAccountPage - Click on registerButton
21:24:37.397 [main] INFO  pages.MyAccountPage - registerNewAccount completed successful
21:24:46.299 [main] INFO  basemethod.BaseMethod - ******************************
21:24:46.300 [main] INFO  basemethod.BaseMethod - ***********STARTING***********
21:24:46.301 [main] INFO  basemethod.BaseMethod - ******************************
21:24:46.304 [main] INFO  pages.HomePage - MyAccount Test
21:24:46.304 [main] INFO  pages.HomePage - Click on MyAccount
21:24:51.802 [main] INFO  pages.HomePage - Clicked on "MY ACCOUNT" successful 
21:24:52.250 [main] INFO  pages.MyAccountPage - Starting registerNewAccountTest
21:24:52.251 [main] INFO  pages.MyAccountPage - Sending faker email data
21:24:52.526 [main] INFO  pages.MyAccountPage - Sending faker password data
21:24:52.696 [main] INFO  pages.MyAccountPage - Click on registerButton
21:25:03.026 [main] INFO  basemethod.BaseMethod - ******************************
21:25:03.027 [main] INFO  basemethod.BaseMethod - ***********STARTING***********
21:25:03.027 [main] INFO  basemethod.BaseMethod - ******************************
21:25:03.029 [main] INFO  pages.HomePage - MyAccount Test
21:25:03.029 [main] INFO  pages.HomePage - Click on MyAccount
21:25:08.371 [main] INFO  pages.HomePage - Clicked on "MY ACCOUNT" successful 
21:25:08.995 [main] INFO  pages.MyAccountPage - Starting registerNewAccountTest
21:25:08.996 [main] INFO  pages.MyAccountPage - Sending faker email data
21:25:09.248 [main] INFO  pages.MyAccountPage - Sending faker password data
21:25:09.404 [main] INFO  pages.MyAccountPage - Click on registerButton
21:25:20.070 [main] INFO  basemethod.BaseMethod - ******************************
21:25:20.070 [main] INFO  basemethod.BaseMethod - ***********STARTING***********
21:25:20.070 [main] INFO  basemethod.BaseMethod - ******************************
21:25:20.072 [main] INFO  pages.HomePage - MyAccount Test
21:25:20.072 [main] INFO  pages.HomePage - Click on MyAccount
21:25:25.491 [main] INFO  pages.HomePage - Clicked on "MY ACCOUNT" successful 
21:25:26.133 [main] INFO  pages.MyAccountPage - Starting registerNewAccountTest
21:25:26.134 [main] INFO  pages.MyAccountPage - Sending faker email data
21:25:26.360 [main] INFO  pages.MyAccountPage - Sending faker password data
21:25:26.553 [main] INFO  pages.MyAccountPage - Click on registerButton
21:25:36.663 [main] INFO  basemethod.BaseMethod - ******************************
21:25:36.664 [main] INFO  basemethod.BaseMethod - ***********STARTING***********
21:25:36.664 [main] INFO  basemethod.BaseMethod - ******************************
21:25:36.666 [main] INFO  pages.HomePage - MyAccount Test
21:25:36.667 [main] INFO  pages.HomePage - Click on MyAccount
21:25:42.032 [main] INFO  pages.HomePage - Clicked on "MY ACCOUNT" successful 
21:25:42.702 [main] INFO  pages.MyAccountPage - Starting registerNewAccountTest
21:25:42.702 [main] INFO  pages.MyAccountPage - Sending faker email data
21:25:42.951 [main] INFO  pages.MyAccountPage - Sending faker password data
21:25:43.107 [main] INFO  pages.MyAccountPage - Click on registerButton
21:28:30.246 [main] INFO  basemethod.BaseMethod - ******************************
21:28:30.252 [main] INFO  basemethod.BaseMethod - ***********STARTING***********
21:28:30.252 [main] INFO  basemethod.BaseMethod - ******************************
21:28:30.287 [main] INFO  pages.HomePage - MyAccount Test
21:28:30.287 [main] INFO  pages.HomePage - Click on MyAccount
21:28:36.403 [main] INFO  pages.HomePage - Clicked on "MY ACCOUNT" successful 
21:28:37.471 [main] INFO  pages.MyAccountPage - Starting registerNewAccountTest
21:28:37.494 [main] INFO  pages.MyAccountPage - Sending faker email data
21:28:37.916 [main] INFO  pages.MyAccountPage - Sending faker password data
21:28:38.150 [main] INFO  pages.MyAccountPage - Click on registerButton
21:28:40.799 [main] INFO  pages.MyAccountPage - registerNewAccount completed successful
21:28:49.799 [main] INFO  basemethod.BaseMethod - ******************************
21:28:49.800 [main] INFO  basemethod.BaseMethod - ***********STARTING***********
21:28:49.800 [main] INFO  basemethod.BaseMethod - ******************************
21:28:49.803 [main] INFO  pages.HomePage - MyAccount Test
21:28:49.803 [main] INFO  pages.HomePage - Click on MyAccount
