18:48:04.550 [main] INFO  pages.MyAccountPage - Click on login button
18:48:14.420 [main] INFO  basemethod.BaseMethod - ******************************
18:48:14.422 [main] INFO  basemethod.BaseMethod - ***********STARTING***********
18:48:14.422 [main] INFO  basemethod.BaseMethod - ******************************
18:48:14.425 [main] INFO  pages.HomePage - MyAccount Test
18:48:14.425 [main] INFO  pages.HomePage - Click on MyAccount
18:48:20.718 [main] INFO  pages.HomePage - Clicked on "MY ACCOUNT" successful 
18:48:21.213 [main] INFO  pages.MyAccountPage - Starting negativeLoginUserWithXLSXFile
18:48:21.213 [main] INFO  pages.MyAccountPage - Sending email to the email field
18:48:21.480 [main] INFO  pages.MyAccountPage - Sending password to password field
18:48:21.620 [main] INFO  pages.MyAccountPage - Click on remember me checkbox
18:48:21.738 [main] INFO  pages.MyAccountPage - Click on login button
18:48:22.892 [main] INFO  pages.MyAccountPage -  negativeLoginUserWithXLSXFile passed successful 
18:48:32.289 [main] INFO  basemethod.BaseMethod - ******************************
18:48:32.289 [main] INFO  basemethod.BaseMethod - ***********STARTING***********
18:48:32.289 [main] INFO  basemethod.BaseMethod - ******************************
18:48:32.292 [main] INFO  pages.HomePage - MyAccount Test
18:48:32.292 [main] INFO  pages.HomePage - Click on MyAccount
18:48:38.550 [main] INFO  pages.HomePage - Clicked on "MY ACCOUNT" successful 
18:48:39.700 [main] INFO  pages.MyAccountPage - Starting negativeLoginUserWithXLSXFile
18:48:39.701 [main] INFO  pages.MyAccountPage - Sending email to the email field
18:48:39.988 [main] INFO  pages.MyAccountPage - Sending password to password field
18:48:40.185 [main] INFO  pages.MyAccountPage - Click on remember me checkbox
18:48:40.276 [main] INFO  pages.MyAccountPage - Click on login button
18:48:50.332 [main] INFO  basemethod.BaseMethod - ******************************
18:48:50.352 [main] INFO  basemethod.BaseMethod - ***********STARTING***********
18:48:50.352 [main] INFO  basemethod.BaseMethod - ******************************
18:48:50.355 [main] INFO  pages.HomePage - MyAccount Test
18:48:50.355 [main] INFO  pages.HomePage - Click on MyAccount
18:48:56.267 [main] INFO  pages.HomePage - Clicked on "MY ACCOUNT" successful 
18:48:57.046 [main] INFO  pages.MyAccountPage - Starting negativeLoginUserWithXLSXFile
18:48:57.047 [main] INFO  pages.MyAccountPage - Sending email to the email field
18:48:57.406 [main] INFO  pages.MyAccountPage - Sending password to password field
18:48:57.607 [main] INFO  pages.MyAccountPage - Click on remember me checkbox
18:48:57.752 [main] INFO  pages.MyAccountPage - Click on login button
18:49:07.299 [main] INFO  basemethod.BaseMethod - ******************************
18:49:07.299 [main] INFO  basemethod.BaseMethod - ***********STARTING***********
18:49:07.299 [main] INFO  basemethod.BaseMethod - ******************************
18:49:07.301 [main] INFO  pages.HomePage - MyAccount Test
18:49:07.302 [main] INFO  pages.HomePage - Click on MyAccount
18:49:12.972 [main] INFO  pages.HomePage - Clicked on "MY ACCOUNT" successful 
18:49:13.918 [main] INFO  pages.MyAccountPage - Starting negativeLoginUserWithXLSXFile
18:49:13.919 [main] INFO  pages.MyAccountPage - Sending email to the email field
18:49:14.178 [main] INFO  pages.MyAccountPage - Sending password to password field
18:49:14.365 [main] INFO  pages.MyAccountPage - Click on remember me checkbox
18:49:14.632 [main] INFO  pages.MyAccountPage - Click on login button
18:51:31.517 [main] INFO  basemethod.BaseMethod - ******************************
18:51:31.525 [main] INFO  basemethod.BaseMethod - ***********STARTING***********
18:51:31.527 [main] INFO  basemethod.BaseMethod - ******************************
18:51:31.571 [main] INFO  pages.HomePage - MyAccount Test
18:51:31.571 [main] INFO  pages.HomePage - Click on MyAccount
18:51:37.225 [main] INFO  pages.HomePage - Clicked on "MY ACCOUNT" successful 
18:51:37.761 [main] INFO  pages.MyAccountPage - Starting negativeLoginUserWithXLSXFile
18:51:37.762 [main] INFO  pages.MyAccountPage - Sending email to the email field
18:51:37.995 [main] INFO  pages.MyAccountPage - Sending password to password field
18:51:38.116 [main] INFO  pages.MyAccountPage - Click on remember me checkbox
18:51:38.218 [main] INFO  pages.MyAccountPage - Click on login button
18:51:39.372 [main] INFO  pages.MyAccountPage -  negativeLoginUserWithXLSXFile passed successful 
18:51:48.580 [main] INFO  basemethod.BaseMethod - ******************************
18:51:48.586 [main] INFO  basemethod.BaseMethod - ***********STARTING***********
18:51:48.586 [main] INFO  basemethod.BaseMethod - ******************************
18:51:48.593 [main] INFO  pages.HomePage - MyAccount Test
18:51:48.593 [main] INFO  pages.HomePage - Click on MyAccount
18:51:54.440 [main] INFO  pages.HomePage - Clicked on "MY ACCOUNT" successful 
18:51:54.929 [main] INFO  pages.MyAccountPage - Starting negativeLoginUserWithXLSXFile
18:51:54.930 [main] INFO  pages.MyAccountPage - Sending email to the email field
18:51:55.215 [main] INFO  pages.MyAccountPage - Sending password to password field
18:51:55.323 [main] INFO  pages.MyAccountPage - Click on remember me checkbox
18:51:55.412 [main] INFO  pages.MyAccountPage - Click on login button
18:51:56.627 [main] INFO  pages.MyAccountPage -  negativeLoginUserWithXLSXFile passed successful 
18:52:05.765 [main] INFO  basemethod.BaseMethod - ******************************
18:52:05.766 [main] INFO  basemethod.BaseMethod - ***********STARTING***********
18:52:05.767 [main] INFO  basemethod.BaseMethod - ******************************
18:52:05.772 [main] INFO  pages.HomePage - MyAccount Test
18:52:05.773 [main] INFO  pages.HomePage - Click on MyAccount
18:52:12.685 [main] INFO  pages.HomePage - Clicked on "MY ACCOUNT" successful 
18:52:13.752 [main] INFO  pages.MyAccountPage - Starting negativeLoginUserWithXLSXFile
18:52:13.753 [main] INFO  pages.MyAccountPage - Sending email to the email field
18:52:14.095 [main] INFO  pages.MyAccountPage - Sending password to password field
18:52:14.234 [main] INFO  pages.MyAccountPage - Click on remember me checkbox
18:52:14.367 [main] INFO  pages.MyAccountPage - Click on login button
18:52:15.839 [main] INFO  pages.MyAccountPage -  negativeLoginUserWithXLSXFile passed successful 
18:52:25.035 [main] INFO  basemethod.BaseMethod - ******************************
18:52:25.035 [main] INFO  basemethod.BaseMethod - ***********STARTING***********
18:52:25.036 [main] INFO  basemethod.BaseMethod - ******************************
18:52:25.039 [main] INFO  pages.HomePage - MyAccount Test
18:52:25.040 [main] INFO  pages.HomePage - Click on MyAccount
18:52:31.239 [main] INFO  pages.HomePage - Clicked on "MY ACCOUNT" successful 
18:52:32.009 [main] INFO  pages.MyAccountPage - Starting negativeLoginUserWithXLSXFile
18:52:32.009 [main] INFO  pages.MyAccountPage - Sending email to the email field
18:52:32.310 [main] INFO  pages.MyAccountPage - Sending password to password field
18:52:32.467 [main] INFO  pages.MyAccountPage - Click on remember me checkbox
18:52:32.573 [main] INFO  pages.MyAccountPage - Click on login button
18:52:34.004 [main] INFO  pages.MyAccountPage -  negativeLoginUserWithXLSXFile passed successful 
18:52:43.165 [main] INFO  basemethod.BaseMethod - ******************************
18:52:43.166 [main] INFO  basemethod.BaseMethod - ***********STARTING***********
18:52:43.166 [main] INFO  basemethod.BaseMethod - ******************************
18:52:43.168 [main] INFO  pages.HomePage - MyAccount Test
18:52:43.168 [main] INFO  pages.HomePage - Click on MyAccount
18:52:49.661 [main] INFO  pages.HomePage - Clicked on "MY ACCOUNT" successful 
18:52:50.582 [main] INFO  pages.MyAccountPage - Starting negativeLoginUserWithXLSXFile
18:52:50.582 [main] INFO  pages.MyAccountPage - Sending email to the email field
18:52:50.891 [main] INFO  pages.MyAccountPage - Sending password to password field
18:52:51.033 [main] INFO  pages.MyAccountPage - Click on remember me checkbox
18:52:51.136 [main] INFO  pages.MyAccountPage - Click on login button
18:52:52.587 [main] INFO  pages.MyAccountPage -  negativeLoginUserWithXLSXFile passed successful 
19:03:38.356 [main] INFO  basemethod.BaseMethod - ******************************
19:03:38.363 [main] INFO  basemethod.BaseMethod - ***********STARTING***********
19:03:38.364 [main] INFO  basemethod.BaseMethod - ******************************
19:03:38.405 [main] INFO  pages.HomePage - MyAccount Test
19:03:38.406 [main] INFO  pages.HomePage - Click on MyAccount
19:03:44.160 [main] INFO  pages.HomePage - Clicked on "MY ACCOUNT" successful 
19:03:54.634 [main] INFO  basemethod.BaseMethod - ******************************
19:03:54.635 [main] INFO  basemethod.BaseMethod - ***********STARTING***********
19:03:54.635 [main] INFO  basemethod.BaseMethod - ******************************
19:03:54.657 [main] INFO  pages.HomePage - MyAccount Test
19:03:54.657 [main] INFO  pages.HomePage - Click on MyAccount
19:04:01.746 [main] INFO  pages.HomePage - Clicked on "MY ACCOUNT" successful 
19:04:11.320 [main] INFO  basemethod.BaseMethod - ******************************
19:04:11.321 [main] INFO  basemethod.BaseMethod - ***********STARTING***********
19:04:11.322 [main] INFO  basemethod.BaseMethod - ******************************
19:04:11.347 [main] INFO  pages.HomePage - MyAccount Test
19:04:11.348 [main] INFO  pages.HomePage - Click on MyAccount
19:04:18.037 [main] INFO  pages.HomePage - Clicked on "MY ACCOUNT" successful 
19:04:38.943 [main] INFO  basemethod.BaseMethod - ******************************
19:04:38.953 [main] INFO  basemethod.BaseMethod - ***********STARTING***********
19:04:38.954 [main] INFO  basemethod.BaseMethod - ******************************
19:04:39.000 [main] INFO  pages.HomePage - MyAccount Test
19:04:39.001 [main] INFO  pages.HomePage - Click on MyAccount
19:04:44.736 [main] INFO  pages.HomePage - Clicked on "MY ACCOUNT" successful 
19:04:54.926 [main] INFO  basemethod.BaseMethod - ******************************
19:04:54.927 [main] INFO  basemethod.BaseMethod - ***********STARTING***********
19:04:54.927 [main] INFO  basemethod.BaseMethod - ******************************
19:04:54.930 [main] INFO  pages.HomePage - MyAccount Test
