19:20:52.176 [main] INFO  basemethod.BaseMethod - ******************************
19:20:52.178 [main] INFO  basemethod.BaseMethod - ***********STARTING***********
19:20:52.178 [main] INFO  basemethod.BaseMethod - ******************************
19:20:52.199 [main] INFO  pages.HomePage - Starting up userWishListTest
19:20:52.199 [main] INFO  pages.HomePage - Clik on user wish list button
19:20:53.000 [main] INFO  pages.HomePage - Checking to see if the actual value of wish list page title is equal to the expected "Wishlist"
19:20:53.023 [main] INFO  pages.HomePage - User wish list button was clicked on successful 
19:20:59.620 [main] INFO  basemethod.BaseMethod - ******************************
19:20:59.620 [main] INFO  basemethod.BaseMethod - ***********STARTING***********
19:20:59.620 [main] INFO  basemethod.BaseMethod - ******************************
19:20:59.622 [main] INFO  pages.HomePage - Starting facebookButtonTest
19:20:59.622 [main] INFO  pages.HomePage - Click on the facebook button
19:21:00.180 [main] INFO  pages.HomePage - facebookButtonTest passed successful
19:21:06.761 [main] INFO  basemethod.BaseMethod - ******************************
19:21:06.761 [main] INFO  basemethod.BaseMethod - ***********STARTING***********
19:21:06.761 [main] INFO  basemethod.BaseMethod - ******************************
19:21:06.762 [main] INFO  pages.HomePage - Starting hoodieHoverTest 
19:21:06.763 [main] INFO  pages.HomePage - Hover over clothing button
19:21:06.980 [main] INFO  pages.HomePage - Hover over hoodie button and click on it
19:21:07.901 [main] INFO  pages.HomePage - Test to see if the actual value is the same as the expected value "Hoodies" 
19:21:07.920 [main] INFO  pages.HomePage - Test has been completed successfully
19:21:14.544 [main] INFO  basemethod.BaseMethod - ******************************
19:21:14.544 [main] INFO  basemethod.BaseMethod - ***********STARTING***********
19:21:14.544 [main] INFO  basemethod.BaseMethod - ******************************
19:21:14.546 [main] INFO  pages.HomePage - MyAccount Test
19:21:14.546 [main] INFO  pages.HomePage - Click on MyAccount
19:21:15.422 [main] INFO  pages.HomePage - Clicked on "MY ACCOUNT" successful 
19:21:22.589 [main] INFO  basemethod.BaseMethod - ******************************
19:21:22.589 [main] INFO  basemethod.BaseMethod - ***********STARTING***********
19:21:22.589 [main] INFO  basemethod.BaseMethod - ******************************
19:21:22.591 [main] INFO  pages.HomePage - Starting cart1Test
19:21:22.591 [main] INFO  pages.HomePage - Click on user cart on the top of the page
19:21:23.445 [main] INFO  pages.HomePage - Checking to see if the actual value of cart page title is equal to the expected "Cart"
19:21:23.463 [main] INFO  pages.HomePage - userCart1Test test complete
19:21:30.036 [main] INFO  basemethod.BaseMethod - ******************************
19:21:30.036 [main] INFO  basemethod.BaseMethod - ***********STARTING***********
19:21:30.036 [main] INFO  basemethod.BaseMethod - ******************************
19:21:30.038 [main] INFO  pages.HomePage - MyAccount Test
19:21:30.039 [main] INFO  pages.HomePage - Click on MyAccount
19:21:30.923 [main] INFO  pages.HomePage - Clicked on "MY ACCOUNT" successful 
19:21:31.045 [main] INFO  pages.MyAccountPage - Starting LoginUserWith
19:21:31.045 [main] INFO  pages.MyAccountPage - Sending email to the email field "fatinpushan3@gmail.com"
19:21:31.130 [main] INFO  pages.MyAccountPage - Sending password to password field "223892852Pp@ " 
19:21:31.182 [main] INFO  pages.MyAccountPage - Click on remember me checkbox
19:21:31.226 [main] INFO  pages.MyAccountPage - Click on loging button
19:21:32.456 [main] INFO  pages.MyAccountPage -  loginUserWithPropertiesInformation passed successful 
19:21:38.967 [main] INFO  basemethod.BaseMethod - ******************************
19:21:38.967 [main] INFO  basemethod.BaseMethod - ***********STARTING***********
19:21:38.967 [main] INFO  basemethod.BaseMethod - ******************************
19:21:38.969 [main] INFO  pages.HomePage - MyAccount Test
19:21:38.969 [main] INFO  pages.HomePage - Click on MyAccount
19:21:39.853 [main] INFO  pages.HomePage - Clicked on "MY ACCOUNT" successful 
19:21:39.975 [main] INFO  pages.MyAccountPage - Starting LoginUserWith
19:21:39.975 [main] INFO  pages.MyAccountPage - Sending email to the email field "fatinpushan3@gmail.com"
19:21:40.056 [main] INFO  pages.MyAccountPage - Sending password to password field "223892852Pp@ " 
19:21:40.108 [main] INFO  pages.MyAccountPage - Click on remember me checkbox
19:21:40.149 [main] INFO  pages.MyAccountPage - Click on loging button
19:21:41.409 [main] INFO  pages.MyAccountPage -  loginUserWithPropertiesInformation passed successful 
19:21:41.519 [main] INFO  pages.MyAccountPage - Starting accountDetailsPageButtonTest
19:21:41.520 [main] INFO  pages.MyAccountPage - Click on Account page Button
19:21:42.192 [main] INFO  pages.MyAccountPage - Seeing if the actual value is the same as the expected value "Account details"
19:21:42.252 [main] INFO  pages.MyAccountPage - accountDetailsPageButtonTest completed successful
19:21:48.820 [main] INFO  basemethod.BaseMethod - ******************************
19:21:48.820 [main] INFO  basemethod.BaseMethod - ***********STARTING***********
19:21:48.820 [main] INFO  basemethod.BaseMethod - ******************************
19:21:48.823 [main] INFO  pages.HomePage - MyAccount Test
19:21:48.823 [main] INFO  pages.HomePage - Click on MyAccount
19:21:49.761 [main] INFO  pages.HomePage - Clicked on "MY ACCOUNT" successful 
19:21:49.886 [main] INFO  pages.MyAccountPage - Starting LoginUserWith
19:21:49.886 [main] INFO  pages.MyAccountPage - Sending email to the email field "fatinpushan3@gmail.com"
19:21:49.967 [main] INFO  pages.MyAccountPage - Sending password to password field "223892852Pp@ " 
19:21:50.015 [main] INFO  pages.MyAccountPage - Click on remember me checkbox
19:21:50.055 [main] INFO  pages.MyAccountPage - Click on loging button
19:21:51.272 [main] INFO  pages.MyAccountPage -  loginUserWithPropertiesInformation passed successful 
19:21:51.381 [main] INFO  pages.MyAccountPage - Starting addressesPageButtonTest
19:21:51.381 [main] INFO  pages.MyAccountPage - Click on addresses page Button
19:21:52.157 [main] INFO  pages.MyAccountPage - Seeing if the actual value is the same as the expected value "Addresses"
19:21:52.168 [main] INFO  pages.MyAccountPage - addressesPageButtonTest completed successful
19:21:58.782 [main] INFO  basemethod.BaseMethod - ******************************
19:21:58.782 [main] INFO  basemethod.BaseMethod - ***********STARTING***********
19:21:58.782 [main] INFO  basemethod.BaseMethod - ******************************
19:21:58.784 [main] INFO  pages.HomePage - MyAccount Test
19:21:58.784 [main] INFO  pages.HomePage - Click on MyAccount
19:21:59.653 [main] INFO  pages.HomePage - Clicked on "MY ACCOUNT" successful 
19:21:59.773 [main] INFO  pages.MyAccountPage - Starting LoginUserWith
19:21:59.773 [main] INFO  pages.MyAccountPage - Sending email to the email field "fatinpushan3@gmail.com"
19:21:59.854 [main] INFO  pages.MyAccountPage - Sending password to password field "223892852Pp@ " 
19:21:59.902 [main] INFO  pages.MyAccountPage - Click on remember me checkbox
19:21:59.942 [main] INFO  pages.MyAccountPage - Click on loging button
19:22:01.139 [main] INFO  pages.MyAccountPage -  loginUserWithPropertiesInformation passed successful 
19:22:01.250 [main] INFO  pages.MyAccountPage - Starting downloadsPageButtonTest
19:22:01.250 [main] INFO  pages.MyAccountPage - Click on downloads page Button
19:22:01.913 [main] INFO  pages.MyAccountPage - Seeing if the actual value is the same as the expected value "Downloads"
19:22:01.925 [main] INFO  pages.MyAccountPage - downloadsPageButtonTest completed successful
19:22:08.455 [main] INFO  basemethod.BaseMethod - ******************************
19:22:08.455 [main] INFO  basemethod.BaseMethod - ***********STARTING***********
19:22:08.455 [main] INFO  basemethod.BaseMethod - ******************************
19:22:08.457 [main] INFO  pages.HomePage - MyAccount Test
19:22:08.457 [main] INFO  pages.HomePage - Click on MyAccount
19:22:09.362 [main] INFO  pages.HomePage - Clicked on "MY ACCOUNT" successful 
19:22:09.475 [main] INFO  pages.MyAccountPage - Starting LoginUserWith
19:22:09.475 [main] INFO  pages.MyAccountPage - Sending email to the email field "fatinpushan3@gmail.com"
19:22:09.557 [main] INFO  pages.MyAccountPage - Sending password to password field "223892852Pp@ " 
19:22:09.610 [main] INFO  pages.MyAccountPage - Click on remember me checkbox
19:22:09.649 [main] INFO  pages.MyAccountPage - Click on loging button
19:22:10.900 [main] INFO  pages.MyAccountPage -  loginUserWithPropertiesInformation passed successful 
19:22:11.006 [main] INFO  pages.MyAccountPage - Starting logOutFromAccountPage Test
19:22:11.006 [main] INFO  pages.MyAccountPage - Clicking on log out button from the account page
19:22:12.675 [main] INFO  pages.MyAccountPage - Comparing the actual value from the expected value "Login"
19:22:12.797 [main] INFO  pages.MyAccountPage - logOutFromAccountPage was completed successful
19:22:19.998 [main] INFO  basemethod.BaseMethod - ******************************
19:22:19.998 [main] INFO  basemethod.BaseMethod - ***********STARTING***********
19:22:19.998 [main] INFO  basemethod.BaseMethod - ******************************
19:22:20.003 [main] INFO  pages.HomePage - MyAccount Test
19:22:20.003 [main] INFO  pages.HomePage - Click on MyAccount
19:22:20.882 [main] INFO  pages.HomePage - Clicked on "MY ACCOUNT" successful 
19:22:21.010 [main] INFO  pages.MyAccountPage - Starting LoginUserWith
19:22:21.010 [main] INFO  pages.MyAccountPage - Sending email to the email field
19:22:21.099 [main] INFO  pages.MyAccountPage - Sending password to password field
19:22:21.147 [main] INFO  pages.MyAccountPage - Click on remember me checkbox
19:22:21.188 [main] INFO  pages.MyAccountPage - Click on loging button
19:22:21.934 [main] INFO  pages.MyAccountPage -  loginUserWithPropertiesInformation passed successful 
19:22:28.411 [main] INFO  basemethod.BaseMethod - ******************************
19:22:28.411 [main] INFO  basemethod.BaseMethod - ***********STARTING***********
19:22:28.419 [main] INFO  basemethod.BaseMethod - ******************************
19:22:28.420 [main] INFO  pages.HomePage - MyAccount Test
19:22:28.420 [main] INFO  pages.HomePage - Click on MyAccount
19:22:29.354 [main] INFO  pages.HomePage - Clicked on "MY ACCOUNT" successful 
19:22:29.465 [main] INFO  pages.MyAccountPage - Starting LoginUserWith
19:22:29.465 [main] INFO  pages.MyAccountPage - Sending email to the email field
19:22:29.546 [main] INFO  pages.MyAccountPage - Sending password to password field
19:22:29.592 [main] INFO  pages.MyAccountPage - Click on remember me checkbox
19:22:29.631 [main] INFO  pages.MyAccountPage - Click on loging button
19:22:30.469 [main] INFO  pages.MyAccountPage -  loginUserWithPropertiesInformation passed successful 
19:22:36.930 [main] INFO  basemethod.BaseMethod - ******************************
19:22:36.931 [main] INFO  basemethod.BaseMethod - ***********STARTING***********
19:22:36.931 [main] INFO  basemethod.BaseMethod - ******************************
19:22:36.932 [main] INFO  pages.HomePage - MyAccount Test
19:22:36.933 [main] INFO  pages.HomePage - Click on MyAccount
19:22:37.771 [main] INFO  pages.HomePage - Clicked on "MY ACCOUNT" successful 
19:22:37.899 [main] INFO  pages.MyAccountPage - Starting LoginUserWith
19:22:37.899 [main] INFO  pages.MyAccountPage - Sending email to the email field
19:22:37.980 [main] INFO  pages.MyAccountPage - Sending password to password field
19:22:38.031 [main] INFO  pages.MyAccountPage - Click on remember me checkbox
19:22:38.072 [main] INFO  pages.MyAccountPage - Click on loging button
19:22:38.874 [main] INFO  pages.MyAccountPage -  loginUserWithPropertiesInformation passed successful 
19:22:45.326 [main] INFO  basemethod.BaseMethod - ******************************
19:22:45.327 [main] INFO  basemethod.BaseMethod - ***********STARTING***********
19:22:45.327 [main] INFO  basemethod.BaseMethod - ******************************
19:22:45.328 [main] INFO  pages.HomePage - MyAccount Test
19:22:45.328 [main] INFO  pages.HomePage - Click on MyAccount
19:22:46.258 [main] INFO  pages.HomePage - Clicked on "MY ACCOUNT" successful 
19:22:46.386 [main] INFO  pages.MyAccountPage - Starting LoginUserWith
19:22:46.386 [main] INFO  pages.MyAccountPage - Sending email to the email field "fatinpushan3@gmail.com"
19:22:46.466 [main] INFO  pages.MyAccountPage - Sending password to password field "223892852Pp@ " 
19:22:46.516 [main] INFO  pages.MyAccountPage - Click on remember me checkbox
19:22:46.555 [main] INFO  pages.MyAccountPage - Click on loging button
19:22:47.785 [main] INFO  pages.MyAccountPage -  loginUserWithPropertiesInformation passed successful 
19:22:47.891 [main] INFO  pages.MyAccountPage - Starting orderPageButtonTest
19:22:47.891 [main] INFO  pages.MyAccountPage - Click on order page Button 
19:22:48.537 [main] INFO  pages.MyAccountPage - Seeing if the actual value is the same as the expected value "Orders"
19:22:48.548 [main] INFO  pages.MyAccountPage - orderPageButtonTest completed successful
19:23:46.852 [main] INFO  basemethod.BaseMethod - ******************************
19:23:46.862 [main] INFO  basemethod.BaseMethod - ***********STARTING***********
19:23:46.863 [main] INFO  basemethod.BaseMethod - ******************************
19:23:46.884 [main] INFO  pages.HomePage - Starting up userWishListTest
19:23:46.885 [main] INFO  pages.HomePage - Clik on user wish list button
19:23:47.645 [main] INFO  pages.HomePage - Checking to see if the actual value of wish list page title is equal to the expected "Wishlist"
19:23:47.669 [main] INFO  pages.HomePage - User wish list button was clicked on successful 
19:23:54.341 [main] INFO  basemethod.BaseMethod - ******************************
19:23:54.341 [main] INFO  basemethod.BaseMethod - ***********STARTING***********
19:23:54.341 [main] INFO  basemethod.BaseMethod - ******************************
19:23:54.343 [main] INFO  pages.HomePage - Starting facebookButtonTest
19:23:54.343 [main] INFO  pages.HomePage - Click on the facebook button
19:23:54.959 [main] INFO  pages.HomePage - facebookButtonTest passed successful
19:24:01.333 [main] INFO  basemethod.BaseMethod - ******************************
19:24:01.333 [main] INFO  basemethod.BaseMethod - ***********STARTING***********
19:24:01.333 [main] INFO  basemethod.BaseMethod - ******************************
19:24:01.335 [main] INFO  pages.HomePage - Starting hoodieHoverTest 
19:24:01.335 [main] INFO  pages.HomePage - Hover over clothing button
19:24:01.583 [main] INFO  pages.HomePage - Hover over hoodie button and click on it
19:24:02.436 [main] INFO  pages.HomePage - Test to see if the actual value is the same as the expected value "Hoodies" 
19:24:02.458 [main] INFO  pages.HomePage - Test has been completed successfully
19:24:09.105 [main] INFO  basemethod.BaseMethod - ******************************
19:24:09.105 [main] INFO  basemethod.BaseMethod - ***********STARTING***********
19:24:09.105 [main] INFO  basemethod.BaseMethod - ******************************
19:24:09.107 [main] INFO  pages.HomePage - MyAccount Test
19:24:09.107 [main] INFO  pages.HomePage - Click on MyAccount
19:24:09.986 [main] INFO  pages.HomePage - Clicked on "MY ACCOUNT" successful 
19:24:16.549 [main] INFO  basemethod.BaseMethod - ******************************
19:24:16.549 [main] INFO  basemethod.BaseMethod - ***********STARTING***********
19:24:16.549 [main] INFO  basemethod.BaseMethod - ******************************
19:24:16.551 [main] INFO  pages.HomePage - Starting cart1Test
19:24:16.551 [main] INFO  pages.HomePage - Click on user cart on the top of the page
19:24:17.439 [main] INFO  pages.HomePage - Checking to see if the actual value of cart page title is equal to the expected "Cart"
19:24:17.457 [main] INFO  pages.HomePage - userCart1Test test complete
19:24:24.502 [main] INFO  basemethod.BaseMethod - ******************************
19:24:24.503 [main] INFO  basemethod.BaseMethod - ***********STARTING***********
19:24:24.503 [main] INFO  basemethod.BaseMethod - ******************************
19:24:24.504 [main] INFO  pages.HomePage - MyAccount Test
19:24:24.504 [main] INFO  pages.HomePage - Click on MyAccount
19:24:25.427 [main] INFO  pages.HomePage - Clicked on "MY ACCOUNT" successful 
19:24:25.564 [main] INFO  pages.MyAccountPage - Starting LoginUserWith
19:24:25.564 [main] INFO  pages.MyAccountPage - Sending email to the email field "fatinpushan3@gmail.com"
19:24:25.650 [main] INFO  pages.MyAccountPage - Sending password to password field "223892852Pp@ " 
19:24:25.702 [main] INFO  pages.MyAccountPage - Click on remember me checkbox
19:24:25.742 [main] INFO  pages.MyAccountPage - Click on loging button
19:24:26.972 [main] INFO  pages.MyAccountPage -  loginUserWithPropertiesInformation passed successful 
19:24:33.535 [main] INFO  basemethod.BaseMethod - ******************************
19:24:33.535 [main] INFO  basemethod.BaseMethod - ***********STARTING***********
19:24:33.535 [main] INFO  basemethod.BaseMethod - ******************************
19:24:33.537 [main] INFO  pages.HomePage - MyAccount Test
19:24:33.537 [main] INFO  pages.HomePage - Click on MyAccount
19:24:34.404 [main] INFO  pages.HomePage - Clicked on "MY ACCOUNT" successful 
19:24:34.530 [main] INFO  pages.MyAccountPage - Starting LoginUserWith
19:24:34.530 [main] INFO  pages.MyAccountPage - Sending email to the email field "fatinpushan3@gmail.com"
19:24:34.612 [main] INFO  pages.MyAccountPage - Sending password to password field "223892852Pp@ " 
19:24:34.662 [main] INFO  pages.MyAccountPage - Click on remember me checkbox
19:24:34.705 [main] INFO  pages.MyAccountPage - Click on loging button
19:24:35.877 [main] INFO  pages.MyAccountPage -  loginUserWithPropertiesInformation passed successful 
19:24:35.995 [main] INFO  pages.MyAccountPage - Starting accountDetailsPageButtonTest
19:24:35.995 [main] INFO  pages.MyAccountPage - Click on Account page Button
19:24:36.721 [main] INFO  pages.MyAccountPage - Seeing if the actual value is the same as the expected value "Account details"
19:24:36.781 [main] INFO  pages.MyAccountPage - accountDetailsPageButtonTest completed successful
19:24:43.233 [main] INFO  basemethod.BaseMethod - ******************************
19:24:43.234 [main] INFO  basemethod.BaseMethod - ***********STARTING***********
19:24:43.234 [main] INFO  basemethod.BaseMethod - ******************************
19:24:43.236 [main] INFO  pages.HomePage - MyAccount Test
19:24:43.236 [main] INFO  pages.HomePage - Click on MyAccount
19:24:44.177 [main] INFO  pages.HomePage - Clicked on "MY ACCOUNT" successful 
19:24:44.301 [main] INFO  pages.MyAccountPage - Starting LoginUserWith
19:24:44.301 [main] INFO  pages.MyAccountPage - Sending email to the email field "fatinpushan3@gmail.com"
19:24:44.383 [main] INFO  pages.MyAccountPage - Sending password to password field "223892852Pp@ " 
19:24:44.437 [main] INFO  pages.MyAccountPage - Click on remember me checkbox
19:24:44.477 [main] INFO  pages.MyAccountPage - Click on loging button
19:24:45.697 [main] INFO  pages.MyAccountPage -  loginUserWithPropertiesInformation passed successful 
19:24:45.818 [main] INFO  pages.MyAccountPage - Starting addressesPageButtonTest
19:24:45.818 [main] INFO  pages.MyAccountPage - Click on addresses page Button
19:24:46.604 [main] INFO  pages.MyAccountPage - Seeing if the actual value is the same as the expected value "Addresses"
19:24:46.615 [main] INFO  pages.MyAccountPage - addressesPageButtonTest completed successful
19:24:53.096 [main] INFO  basemethod.BaseMethod - ******************************
19:24:53.096 [main] INFO  basemethod.BaseMethod - ***********STARTING***********
19:24:53.096 [main] INFO  basemethod.BaseMethod - ******************************
19:24:53.098 [main] INFO  pages.HomePage - MyAccount Test
19:24:53.098 [main] INFO  pages.HomePage - Click on MyAccount
19:24:53.962 [main] INFO  pages.HomePage - Clicked on "MY ACCOUNT" successful 
19:24:54.088 [main] INFO  pages.MyAccountPage - Starting LoginUserWith
19:24:54.088 [main] INFO  pages.MyAccountPage - Sending email to the email field "fatinpushan3@gmail.com"
19:24:54.166 [main] INFO  pages.MyAccountPage - Sending password to password field "223892852Pp@ " 
19:24:54.216 [main] INFO  pages.MyAccountPage - Click on remember me checkbox
19:24:54.255 [main] INFO  pages.MyAccountPage - Click on loging button
19:24:55.450 [main] INFO  pages.MyAccountPage -  loginUserWithPropertiesInformation passed successful 
19:24:55.565 [main] INFO  pages.MyAccountPage - Starting downloadsPageButtonTest
19:24:55.565 [main] INFO  pages.MyAccountPage - Click on downloads page Button
19:24:56.296 [main] INFO  pages.MyAccountPage - Seeing if the actual value is the same as the expected value "Downloads"
19:24:56.309 [main] INFO  pages.MyAccountPage - downloadsPageButtonTest completed successful
19:25:02.881 [main] INFO  basemethod.BaseMethod - ******************************
19:25:02.881 [main] INFO  basemethod.BaseMethod - ***********STARTING***********
19:25:02.881 [main] INFO  basemethod.BaseMethod - ******************************
19:25:02.882 [main] INFO  pages.HomePage - MyAccount Test
19:25:02.882 [main] INFO  pages.HomePage - Click on MyAccount
19:25:03.782 [main] INFO  pages.HomePage - Clicked on "MY ACCOUNT" successful 
19:25:03.911 [main] INFO  pages.MyAccountPage - Starting LoginUserWith
19:25:03.911 [main] INFO  pages.MyAccountPage - Sending email to the email field "fatinpushan3@gmail.com"
19:25:03.992 [main] INFO  pages.MyAccountPage - Sending password to password field "223892852Pp@ " 
19:25:04.043 [main] INFO  pages.MyAccountPage - Click on remember me checkbox
19:25:04.085 [main] INFO  pages.MyAccountPage - Click on loging button
19:25:05.344 [main] INFO  pages.MyAccountPage -  loginUserWithPropertiesInformation passed successful 
19:25:05.458 [main] INFO  pages.MyAccountPage - Starting logOutFromAccountPage Test
19:25:05.458 [main] INFO  pages.MyAccountPage - Clicking on log out button from the account page
19:25:07.095 [main] INFO  pages.MyAccountPage - Comparing the actual value from the expected value "Login"
19:25:07.158 [main] INFO  pages.MyAccountPage - logOutFromAccountPage was completed successful
19:25:13.988 [main] INFO  basemethod.BaseMethod - ******************************
19:25:13.988 [main] INFO  basemethod.BaseMethod - ***********STARTING***********
19:25:13.988 [main] INFO  basemethod.BaseMethod - ******************************
19:25:13.991 [main] INFO  pages.HomePage - MyAccount Test
19:25:13.992 [main] INFO  pages.HomePage - Click on MyAccount
19:25:14.899 [main] INFO  pages.HomePage - Clicked on "MY ACCOUNT" successful 
19:25:15.032 [main] INFO  pages.MyAccountPage - Starting LoginUserWith
19:25:15.032 [main] INFO  pages.MyAccountPage - Sending email to the email field
19:25:15.127 [main] INFO  pages.MyAccountPage - Sending password to password field
19:25:15.178 [main] INFO  pages.MyAccountPage - Click on remember me checkbox
19:25:15.216 [main] INFO  pages.MyAccountPage - Click on loging button
19:25:16.044 [main] INFO  pages.MyAccountPage -  loginUserWithPropertiesInformation passed successful 
19:25:23.084 [main] INFO  basemethod.BaseMethod - ******************************
19:25:23.084 [main] INFO  basemethod.BaseMethod - ***********STARTING***********
19:25:23.085 [main] INFO  basemethod.BaseMethod - ******************************
19:25:23.087 [main] INFO  pages.HomePage - MyAccount Test
19:25:23.087 [main] INFO  pages.HomePage - Click on MyAccount
19:25:23.938 [main] INFO  pages.HomePage - Clicked on "MY ACCOUNT" successful 
19:25:24.053 [main] INFO  pages.MyAccountPage - Starting LoginUserWith
19:25:24.053 [main] INFO  pages.MyAccountPage - Sending email to the email field
19:25:24.136 [main] INFO  pages.MyAccountPage - Sending password to password field
19:25:24.185 [main] INFO  pages.MyAccountPage - Click on remember me checkbox
19:25:24.225 [main] INFO  pages.MyAccountPage - Click on loging button
19:25:25.004 [main] INFO  pages.MyAccountPage -  loginUserWithPropertiesInformation passed successful 
19:25:31.410 [main] INFO  basemethod.BaseMethod - ******************************
19:25:31.410 [main] INFO  basemethod.BaseMethod - ***********STARTING***********
19:25:31.410 [main] INFO  basemethod.BaseMethod - ******************************
19:25:31.412 [main] INFO  pages.HomePage - MyAccount Test
19:25:31.412 [main] INFO  pages.HomePage - Click on MyAccount
19:25:32.320 [main] INFO  pages.HomePage - Clicked on "MY ACCOUNT" successful 
19:25:32.452 [main] INFO  pages.MyAccountPage - Starting LoginUserWith
19:25:32.452 [main] INFO  pages.MyAccountPage - Sending email to the email field
19:25:32.543 [main] INFO  pages.MyAccountPage - Sending password to password field
19:25:32.593 [main] INFO  pages.MyAccountPage - Click on remember me checkbox
19:25:32.633 [main] INFO  pages.MyAccountPage - Click on loging button
19:25:33.446 [main] INFO  pages.MyAccountPage -  loginUserWithPropertiesInformation passed successful 
19:25:39.903 [main] INFO  basemethod.BaseMethod - ******************************
19:25:39.903 [main] INFO  basemethod.BaseMethod - ***********STARTING***********
19:25:39.903 [main] INFO  basemethod.BaseMethod - ******************************
19:25:39.904 [main] INFO  pages.HomePage - MyAccount Test
19:25:39.904 [main] INFO  pages.HomePage - Click on MyAccount
19:25:40.854 [main] INFO  pages.HomePage - Clicked on "MY ACCOUNT" successful 
19:25:40.981 [main] INFO  pages.MyAccountPage - Starting LoginUserWith
19:25:40.982 [main] INFO  pages.MyAccountPage - Sending email to the email field "fatinpushan3@gmail.com"
19:25:41.063 [main] INFO  pages.MyAccountPage - Sending password to password field "223892852Pp@ " 
19:25:41.113 [main] INFO  pages.MyAccountPage - Click on remember me checkbox
19:25:41.159 [main] INFO  pages.MyAccountPage - Click on loging button
19:25:42.372 [main] INFO  pages.MyAccountPage -  loginUserWithPropertiesInformation passed successful 
19:25:42.493 [main] INFO  pages.MyAccountPage - Starting orderPageButtonTest
19:25:42.493 [main] INFO  pages.MyAccountPage - Click on order page Button 
19:25:43.182 [main] INFO  pages.MyAccountPage - Seeing if the actual value is the same as the expected value "Orders"
19:25:43.201 [main] INFO  pages.MyAccountPage - orderPageButtonTest completed successful
19:28:02.346 [main] INFO  basemethod.BaseMethod - ******************************
19:28:02.357 [main] INFO  basemethod.BaseMethod - ***********STARTING***********
19:28:02.357 [main] INFO  basemethod.BaseMethod - ******************************
19:28:02.379 [main] INFO  pages.HomePage - Starting up userWishListTest
19:28:02.379 [main] INFO  pages.HomePage - Clik on user wish list button
19:28:03.158 [main] INFO  pages.HomePage - Checking to see if the actual value of wish list page title is equal to the expected "Wishlist"
19:28:03.180 [main] INFO  pages.HomePage - User wish list button was clicked on successful 
19:28:09.959 [main] INFO  basemethod.BaseMethod - ******************************
19:28:09.959 [main] INFO  basemethod.BaseMethod - ***********STARTING***********
19:28:09.959 [main] INFO  basemethod.BaseMethod - ******************************
19:28:09.962 [main] INFO  pages.HomePage - Starting facebookButtonTest
19:28:09.962 [main] INFO  pages.HomePage - Click on the facebook button
19:28:10.936 [main] INFO  pages.HomePage - facebookButtonTest passed successful
19:28:17.279 [main] INFO  basemethod.BaseMethod - ******************************
19:28:17.279 [main] INFO  basemethod.BaseMethod - ***********STARTING***********
19:28:17.279 [main] INFO  basemethod.BaseMethod - ******************************
19:28:17.281 [main] INFO  pages.HomePage - Starting hoodieHoverTest 
19:28:17.282 [main] INFO  pages.HomePage - Hover over clothing button
19:28:17.522 [main] INFO  pages.HomePage - Hover over hoodie button and click on it
19:28:18.350 [main] INFO  pages.HomePage - Test to see if the actual value is the same as the expected value "Hoodies" 
19:28:18.371 [main] INFO  pages.HomePage - Test has been completed successfully
19:28:24.839 [main] INFO  basemethod.BaseMethod - ******************************
19:28:24.840 [main] INFO  basemethod.BaseMethod - ***********STARTING***********
19:28:24.840 [main] INFO  basemethod.BaseMethod - ******************************
19:28:24.841 [main] INFO  pages.HomePage - MyAccount Test
19:28:24.841 [main] INFO  pages.HomePage - Click on MyAccount
19:28:25.786 [main] INFO  pages.HomePage - Clicked on "MY ACCOUNT" successful 
19:28:32.407 [main] INFO  basemethod.BaseMethod - ******************************
19:28:32.407 [main] INFO  basemethod.BaseMethod - ***********STARTING***********
19:28:32.407 [main] INFO  basemethod.BaseMethod - ******************************
19:28:32.409 [main] INFO  pages.HomePage - Starting cart1Test
19:28:32.409 [main] INFO  pages.HomePage - Click on user cart on the top of the page
19:28:33.313 [main] INFO  pages.HomePage - Checking to see if the actual value of cart page title is equal to the expected "Cart"
19:28:33.334 [main] INFO  pages.HomePage - userCart1Test test complete
19:28:39.843 [main] INFO  basemethod.BaseMethod - ******************************
19:28:39.844 [main] INFO  basemethod.BaseMethod - ***********STARTING***********
19:28:39.844 [main] INFO  basemethod.BaseMethod - ******************************
19:28:39.846 [main] INFO  pages.HomePage - MyAccount Test
19:28:39.846 [main] INFO  pages.HomePage - Click on MyAccount
19:28:40.717 [main] INFO  pages.HomePage - Clicked on "MY ACCOUNT" successful 
19:28:40.837 [main] INFO  pages.MyAccountPage - Starting LoginUserWith
19:28:40.837 [main] INFO  pages.MyAccountPage - Sending email to the email field "fatinpushan3@gmail.com"
19:28:40.906 [main] INFO  pages.MyAccountPage - Sending password to password field "223892852Pp@ " 
19:28:40.956 [main] INFO  pages.MyAccountPage - Click on remember me checkbox
19:28:40.995 [main] INFO  pages.MyAccountPage - Click on loging button
19:28:42.294 [main] INFO  pages.MyAccountPage -  loginUserWithPropertiesInformation passed successful 
19:28:48.869 [main] INFO  basemethod.BaseMethod - ******************************
19:28:48.870 [main] INFO  basemethod.BaseMethod - ***********STARTING***********
19:28:48.870 [main] INFO  basemethod.BaseMethod - ******************************
19:28:48.872 [main] INFO  pages.HomePage - MyAccount Test
19:28:48.872 [main] INFO  pages.HomePage - Click on MyAccount
19:28:49.760 [main] INFO  pages.HomePage - Clicked on "MY ACCOUNT" successful 
19:28:49.899 [main] INFO  pages.MyAccountPage - Starting LoginUserWith
19:28:49.899 [main] INFO  pages.MyAccountPage - Sending email to the email field "fatinpushan3@gmail.com"
19:28:49.957 [main] INFO  pages.MyAccountPage - Sending password to password field "223892852Pp@ " 
19:28:50.004 [main] INFO  pages.MyAccountPage - Click on remember me checkbox
19:28:50.044 [main] INFO  pages.MyAccountPage - Click on loging button
19:28:51.347 [main] INFO  pages.MyAccountPage -  loginUserWithPropertiesInformation passed successful 
19:28:51.470 [main] INFO  pages.MyAccountPage - Starting accountDetailsPageButtonTest
19:28:51.470 [main] INFO  pages.MyAccountPage - Click on Account page Button
19:28:52.208 [main] INFO  pages.MyAccountPage - Seeing if the actual value is the same as the expected value "Account details"
19:28:52.256 [main] INFO  pages.MyAccountPage - accountDetailsPageButtonTest completed successful
19:28:58.911 [main] INFO  basemethod.BaseMethod - ******************************
19:28:58.912 [main] INFO  basemethod.BaseMethod - ***********STARTING***********
19:28:58.912 [main] INFO  basemethod.BaseMethod - ******************************
19:28:58.914 [main] INFO  pages.HomePage - MyAccount Test
19:28:58.914 [main] INFO  pages.HomePage - Click on MyAccount
19:28:59.796 [main] INFO  pages.HomePage - Clicked on "MY ACCOUNT" successful 
19:28:59.953 [main] INFO  pages.MyAccountPage - Starting LoginUserWith
19:28:59.953 [main] INFO  pages.MyAccountPage - Sending email to the email field "fatinpushan3@gmail.com"
19:29:00.027 [main] INFO  pages.MyAccountPage - Sending password to password field "223892852Pp@ " 
19:29:00.085 [main] INFO  pages.MyAccountPage - Click on remember me checkbox
19:29:00.132 [main] INFO  pages.MyAccountPage - Click on loging button
19:29:01.376 [main] INFO  pages.MyAccountPage -  loginUserWithPropertiesInformation passed successful 
19:29:01.502 [main] INFO  pages.MyAccountPage - Starting addressesPageButtonTest
19:29:01.502 [main] INFO  pages.MyAccountPage - Click on addresses page Button
19:29:02.405 [main] INFO  pages.MyAccountPage - Seeing if the actual value is the same as the expected value "Addresses"
19:29:02.421 [main] INFO  pages.MyAccountPage - addressesPageButtonTest completed successful
19:29:08.935 [main] INFO  basemethod.BaseMethod - ******************************
19:29:08.935 [main] INFO  basemethod.BaseMethod - ***********STARTING***********
19:29:08.935 [main] INFO  basemethod.BaseMethod - ******************************
19:29:08.937 [main] INFO  pages.HomePage - MyAccount Test
19:29:08.937 [main] INFO  pages.HomePage - Click on MyAccount
19:29:09.853 [main] INFO  pages.HomePage - Clicked on "MY ACCOUNT" successful 
19:29:10.011 [main] INFO  pages.MyAccountPage - Starting LoginUserWith
19:29:10.011 [main] INFO  pages.MyAccountPage - Sending email to the email field "fatinpushan3@gmail.com"
19:29:10.079 [main] INFO  pages.MyAccountPage - Sending password to password field "223892852Pp@ " 
19:29:10.132 [main] INFO  pages.MyAccountPage - Click on remember me checkbox
19:29:10.176 [main] INFO  pages.MyAccountPage - Click on loging button
19:29:11.437 [main] INFO  pages.MyAccountPage -  loginUserWithPropertiesInformation passed successful 
19:29:11.553 [main] INFO  pages.MyAccountPage - Starting downloadsPageButtonTest
19:29:11.553 [main] INFO  pages.MyAccountPage - Click on downloads page Button
19:29:12.222 [main] INFO  pages.MyAccountPage - Seeing if the actual value is the same as the expected value "Downloads"
19:29:12.235 [main] INFO  pages.MyAccountPage - downloadsPageButtonTest completed successful
19:29:19.185 [main] INFO  basemethod.BaseMethod - ******************************
19:29:19.185 [main] INFO  basemethod.BaseMethod - ***********STARTING***********
19:29:19.185 [main] INFO  basemethod.BaseMethod - ******************************
19:29:19.188 [main] INFO  pages.HomePage - MyAccount Test
19:29:19.188 [main] INFO  pages.HomePage - Click on MyAccount
19:29:20.133 [main] INFO  pages.HomePage - Clicked on "MY ACCOUNT" successful 
19:29:20.264 [main] INFO  pages.MyAccountPage - Starting LoginUserWith
19:29:20.264 [main] INFO  pages.MyAccountPage - Sending email to the email field "fatinpushan3@gmail.com"
19:29:20.325 [main] INFO  pages.MyAccountPage - Sending password to password field "223892852Pp@ " 
19:29:20.375 [main] INFO  pages.MyAccountPage - Click on remember me checkbox
19:29:20.416 [main] INFO  pages.MyAccountPage - Click on loging button
19:29:21.632 [main] INFO  pages.MyAccountPage -  loginUserWithPropertiesInformation passed successful 
19:29:21.738 [main] INFO  pages.MyAccountPage - Starting logOutFromAccountPage Test
19:29:21.738 [main] INFO  pages.MyAccountPage - Clicking on log out button from the account page
19:29:23.331 [main] INFO  pages.MyAccountPage - Comparing the actual value from the expected value "Login"
19:29:23.375 [main] INFO  pages.MyAccountPage - logOutFromAccountPage was completed successful
19:29:29.968 [main] INFO  basemethod.BaseMethod - ******************************
19:29:29.968 [main] INFO  basemethod.BaseMethod - ***********STARTING***********
19:29:29.968 [main] INFO  basemethod.BaseMethod - ******************************
19:29:29.971 [main] INFO  pages.HomePage - MyAccount Test
19:29:29.971 [main] INFO  pages.HomePage - Click on MyAccount
19:29:30.797 [main] INFO  pages.HomePage - Clicked on "MY ACCOUNT" successful 
19:29:30.993 [main] INFO  pages.MyAccountPage - Starting LoginUserWith
19:29:30.994 [main] INFO  pages.MyAccountPage - Sending email to the email field
19:29:31.056 [main] INFO  pages.MyAccountPage - Sending password to password field
19:29:31.102 [main] INFO  pages.MyAccountPage - Click on remember me checkbox
19:29:31.140 [main] INFO  pages.MyAccountPage - Click on loging button
19:29:31.962 [main] INFO  pages.MyAccountPage -  loginUserWithPropertiesInformation passed successful 
19:29:38.450 [main] INFO  basemethod.BaseMethod - ******************************
19:29:38.450 [main] INFO  basemethod.BaseMethod - ***********STARTING***********
19:29:38.452 [main] INFO  basemethod.BaseMethod - ******************************
19:29:38.453 [main] INFO  pages.HomePage - MyAccount Test
19:29:38.453 [main] INFO  pages.HomePage - Click on MyAccount
19:29:39.364 [main] INFO  pages.HomePage - Clicked on "MY ACCOUNT" successful 
19:29:39.489 [main] INFO  pages.MyAccountPage - Starting LoginUserWith
19:29:39.490 [main] INFO  pages.MyAccountPage - Sending email to the email field
19:29:39.547 [main] INFO  pages.MyAccountPage - Sending password to password field
19:29:39.594 [main] INFO  pages.MyAccountPage - Click on remember me checkbox
19:29:39.632 [main] INFO  pages.MyAccountPage - Click on loging button
19:29:40.466 [main] INFO  pages.MyAccountPage -  loginUserWithPropertiesInformation passed successful 
19:29:46.903 [main] INFO  basemethod.BaseMethod - ******************************
19:29:46.903 [main] INFO  basemethod.BaseMethod - ***********STARTING***********
19:29:46.903 [main] INFO  basemethod.BaseMethod - ******************************
19:29:46.905 [main] INFO  pages.HomePage - MyAccount Test
19:29:46.905 [main] INFO  pages.HomePage - Click on MyAccount
19:29:47.818 [main] INFO  pages.HomePage - Clicked on "MY ACCOUNT" successful 
19:29:47.943 [main] INFO  pages.MyAccountPage - Starting LoginUserWith
19:29:47.943 [main] INFO  pages.MyAccountPage - Sending email to the email field
19:29:48.026 [main] INFO  pages.MyAccountPage - Sending password to password field
19:29:48.080 [main] INFO  pages.MyAccountPage - Click on remember me checkbox
19:29:48.120 [main] INFO  pages.MyAccountPage - Click on loging button
19:29:48.937 [main] INFO  pages.MyAccountPage -  loginUserWithPropertiesInformation passed successful 
19:29:55.359 [main] INFO  basemethod.BaseMethod - ******************************
19:29:55.359 [main] INFO  basemethod.BaseMethod - ***********STARTING***********
19:29:55.359 [main] INFO  basemethod.BaseMethod - ******************************
19:29:55.361 [main] INFO  pages.HomePage - MyAccount Test
19:29:55.361 [main] INFO  pages.HomePage - Click on MyAccount
19:29:56.334 [main] INFO  pages.HomePage - Clicked on "MY ACCOUNT" successful 
19:29:56.466 [main] INFO  pages.MyAccountPage - Starting LoginUserWith
19:29:56.466 [main] INFO  pages.MyAccountPage - Sending email to the email field "fatinpushan3@gmail.com"
19:29:56.548 [main] INFO  pages.MyAccountPage - Sending password to password field "223892852Pp@ " 
19:29:56.606 [main] INFO  pages.MyAccountPage - Click on remember me checkbox
19:29:56.650 [main] INFO  pages.MyAccountPage - Click on loging button
19:29:57.857 [main] INFO  pages.MyAccountPage -  loginUserWithPropertiesInformation passed successful 
19:29:57.971 [main] INFO  pages.MyAccountPage - Starting orderPageButtonTest
19:29:57.971 [main] INFO  pages.MyAccountPage - Click on order page Button 
19:29:58.641 [main] INFO  pages.MyAccountPage - Seeing if the actual value is the same as the expected value "Orders"
19:29:58.654 [main] INFO  pages.MyAccountPage - orderPageButtonTest completed successful
19:36:25.280 [main] INFO  basemethod.BaseMethod - ******************************
19:36:25.291 [main] INFO  basemethod.BaseMethod - ***********STARTING***********
19:36:25.291 [main] INFO  basemethod.BaseMethod - ******************************
19:36:25.312 [main] INFO  pages.HomePage - Starting up userWishListTest
19:36:25.312 [main] INFO  pages.HomePage - Clik on user wish list button
19:36:26.075 [main] INFO  pages.HomePage - Checking to see if the actual value of wish list page title is equal to the expected "Wishlist"
19:36:26.099 [main] INFO  pages.HomePage - User wish list button was clicked on successful 
19:36:32.855 [main] INFO  basemethod.BaseMethod - ******************************
19:36:32.855 [main] INFO  basemethod.BaseMethod - ***********STARTING***********
19:36:32.855 [main] INFO  basemethod.BaseMethod - ******************************
19:36:32.857 [main] INFO  pages.HomePage - Starting facebookButtonTest
19:36:32.857 [main] INFO  pages.HomePage - Click on the facebook button
19:36:33.492 [main] INFO  pages.HomePage - facebookButtonTest passed successful
19:36:40.112 [main] INFO  basemethod.BaseMethod - ******************************
19:36:40.112 [main] INFO  basemethod.BaseMethod - ***********STARTING***********
19:36:40.112 [main] INFO  basemethod.BaseMethod - ******************************
19:36:40.114 [main] INFO  pages.HomePage - Starting hoodieHoverTest 
19:36:40.115 [main] INFO  pages.HomePage - Hover over clothing button
19:36:40.307 [main] INFO  pages.HomePage - Hover over hoodie button and click on it
19:36:41.158 [main] INFO  pages.HomePage - Test to see if the actual value is the same as the expected value "Hoodies" 
19:36:41.180 [main] INFO  pages.HomePage - Test has been completed successfully
19:36:47.941 [main] INFO  basemethod.BaseMethod - ******************************
19:36:47.941 [main] INFO  basemethod.BaseMethod - ***********STARTING***********
19:36:47.941 [main] INFO  basemethod.BaseMethod - ******************************
19:36:47.943 [main] INFO  pages.HomePage - MyAccount Test
19:36:47.943 [main] INFO  pages.HomePage - Click on MyAccount
19:36:48.929 [main] INFO  pages.HomePage - Clicked on "MY ACCOUNT" successful 
19:36:55.419 [main] INFO  basemethod.BaseMethod - ******************************
19:36:55.419 [main] INFO  basemethod.BaseMethod - ***********STARTING***********
19:36:55.419 [main] INFO  basemethod.BaseMethod - ******************************
19:36:55.420 [main] INFO  pages.HomePage - Starting cart1Test
19:36:55.421 [main] INFO  pages.HomePage - Click on user cart on the top of the page
19:36:56.322 [main] INFO  pages.HomePage - Checking to see if the actual value of cart page title is equal to the expected "Cart"
19:36:56.342 [main] INFO  pages.HomePage - userCart1Test test complete
19:37:02.849 [main] INFO  basemethod.BaseMethod - ******************************
19:37:02.850 [main] INFO  basemethod.BaseMethod - ***********STARTING***********
19:37:02.850 [main] INFO  basemethod.BaseMethod - ******************************
19:37:02.852 [main] INFO  pages.HomePage - MyAccount Test
19:37:02.852 [main] INFO  pages.HomePage - Click on MyAccount
19:37:03.781 [main] INFO  pages.HomePage - Clicked on "MY ACCOUNT" successful 
19:37:03.909 [main] INFO  pages.MyAccountPage - Starting LoginUserWith
19:37:03.909 [main] INFO  pages.MyAccountPage - Sending email to the email field "fatinpushan3@gmail.com"
19:37:03.978 [main] INFO  pages.MyAccountPage - Sending password to password field "223892852Pp@ " 
19:37:04.030 [main] INFO  pages.MyAccountPage - Click on remember me checkbox
19:37:04.074 [main] INFO  pages.MyAccountPage - Click on loging button
19:37:05.368 [main] INFO  pages.MyAccountPage -  loginUserWithPropertiesInformation passed successful 
19:37:12.022 [main] INFO  basemethod.BaseMethod - ******************************
19:37:12.022 [main] INFO  basemethod.BaseMethod - ***********STARTING***********
19:37:12.022 [main] INFO  basemethod.BaseMethod - ******************************
19:37:12.024 [main] INFO  pages.HomePage - MyAccount Test
19:37:12.024 [main] INFO  pages.HomePage - Click on MyAccount
19:37:13.032 [main] INFO  pages.HomePage - Clicked on "MY ACCOUNT" successful 
19:37:13.243 [main] INFO  pages.MyAccountPage - Starting LoginUserWith
19:37:13.244 [main] INFO  pages.MyAccountPage - Sending email to the email field "fatinpushan3@gmail.com"
19:37:13.318 [main] INFO  pages.MyAccountPage - Sending password to password field "223892852Pp@ " 
19:37:13.387 [main] INFO  pages.MyAccountPage - Click on remember me checkbox
19:37:13.442 [main] INFO  pages.MyAccountPage - Click on loging button
19:37:14.663 [main] INFO  pages.MyAccountPage -  loginUserWithPropertiesInformation passed successful 
19:37:14.767 [main] INFO  pages.MyAccountPage - Starting accountDetailsPageButtonTest
19:37:14.768 [main] INFO  pages.MyAccountPage - Click on Account page Button
19:37:15.504 [main] INFO  pages.MyAccountPage - Seeing if the actual value is the same as the expected value "Account details"
19:37:15.578 [main] INFO  pages.MyAccountPage - accountDetailsPageButtonTest completed successful
19:37:22.612 [main] INFO  basemethod.BaseMethod - ******************************
19:37:22.612 [main] INFO  basemethod.BaseMethod - ***********STARTING***********
19:37:22.612 [main] INFO  basemethod.BaseMethod - ******************************
19:37:22.614 [main] INFO  pages.HomePage - MyAccount Test
19:37:22.614 [main] INFO  pages.HomePage - Click on MyAccount
19:37:23.512 [main] INFO  pages.HomePage - Clicked on "MY ACCOUNT" successful 
19:37:23.639 [main] INFO  pages.MyAccountPage - Starting LoginUserWith
19:37:23.640 [main] INFO  pages.MyAccountPage - Sending email to the email field "fatinpushan3@gmail.com"
19:37:23.698 [main] INFO  pages.MyAccountPage - Sending password to password field "223892852Pp@ " 
19:37:23.746 [main] INFO  pages.MyAccountPage - Click on remember me checkbox
19:37:23.789 [main] INFO  pages.MyAccountPage - Click on loging button
19:37:25.018 [main] INFO  pages.MyAccountPage -  loginUserWithPropertiesInformation passed successful 
19:37:25.132 [main] INFO  pages.MyAccountPage - Starting addressesPageButtonTest
19:37:25.132 [main] INFO  pages.MyAccountPage - Click on addresses page Button
19:37:25.803 [main] INFO  pages.MyAccountPage - Seeing if the actual value is the same as the expected value "Addresses"
19:37:25.846 [main] INFO  pages.MyAccountPage - addressesPageButtonTest completed successful
19:37:32.324 [main] INFO  basemethod.BaseMethod - ******************************
19:37:32.324 [main] INFO  basemethod.BaseMethod - ***********STARTING***********
19:37:32.324 [main] INFO  basemethod.BaseMethod - ******************************
19:37:32.326 [main] INFO  pages.HomePage - MyAccount Test
19:37:32.326 [main] INFO  pages.HomePage - Click on MyAccount
19:37:33.244 [main] INFO  pages.HomePage - Clicked on "MY ACCOUNT" successful 
19:37:33.365 [main] INFO  pages.MyAccountPage - Starting LoginUserWith
19:37:33.365 [main] INFO  pages.MyAccountPage - Sending email to the email field "fatinpushan3@gmail.com"
19:37:33.429 [main] INFO  pages.MyAccountPage - Sending password to password field "223892852Pp@ " 
19:37:33.484 [main] INFO  pages.MyAccountPage - Click on remember me checkbox
19:37:33.522 [main] INFO  pages.MyAccountPage - Click on loging button
19:37:34.676 [main] INFO  pages.MyAccountPage -  loginUserWithPropertiesInformation passed successful 
19:37:34.788 [main] INFO  pages.MyAccountPage - Starting downloadsPageButtonTest
19:37:34.788 [main] INFO  pages.MyAccountPage - Click on downloads page Button
19:37:35.500 [main] INFO  pages.MyAccountPage - Seeing if the actual value is the same as the expected value "Downloads"
19:37:35.513 [main] INFO  pages.MyAccountPage - downloadsPageButtonTest completed successful
19:37:42.062 [main] INFO  basemethod.BaseMethod - ******************************
19:37:42.062 [main] INFO  basemethod.BaseMethod - ***********STARTING***********
19:37:42.062 [main] INFO  basemethod.BaseMethod - ******************************
19:37:42.064 [main] INFO  pages.HomePage - MyAccount Test
19:37:42.064 [main] INFO  pages.HomePage - Click on MyAccount
19:37:42.982 [main] INFO  pages.HomePage - Clicked on "MY ACCOUNT" successful 
19:37:43.108 [main] INFO  pages.MyAccountPage - Starting LoginUserWith
19:37:43.109 [main] INFO  pages.MyAccountPage - Sending email to the email field "fatinpushan3@gmail.com"
19:37:43.204 [main] INFO  pages.MyAccountPage - Sending password to password field "223892852Pp@ " 
19:37:43.256 [main] INFO  pages.MyAccountPage - Click on remember me checkbox
19:37:43.301 [main] INFO  pages.MyAccountPage - Click on loging button
19:37:44.526 [main] INFO  pages.MyAccountPage -  loginUserWithPropertiesInformation passed successful 
19:37:44.637 [main] INFO  pages.MyAccountPage - Starting logOutFromAccountPage Test
19:37:44.637 [main] INFO  pages.MyAccountPage - Clicking on log out button from the account page
19:37:46.347 [main] INFO  pages.MyAccountPage - Comparing the actual value from the expected value "Login"
19:37:46.467 [main] INFO  pages.MyAccountPage - logOutFromAccountPage was completed successful
19:37:53.125 [main] INFO  basemethod.BaseMethod - ******************************
19:37:53.125 [main] INFO  basemethod.BaseMethod - ***********STARTING***********
19:37:53.125 [main] INFO  basemethod.BaseMethod - ******************************
19:37:53.128 [main] INFO  pages.HomePage - MyAccount Test
19:37:53.128 [main] INFO  pages.HomePage - Click on MyAccount
19:37:54.070 [main] INFO  pages.HomePage - Clicked on "MY ACCOUNT" successful 
19:37:54.206 [main] INFO  pages.MyAccountPage - Starting LoginUserWith
19:37:54.206 [main] INFO  pages.MyAccountPage - Sending email to the email field
19:37:54.267 [main] INFO  pages.MyAccountPage - Sending password to password field
19:37:54.316 [main] INFO  pages.MyAccountPage - Click on remember me checkbox
19:37:54.359 [main] INFO  pages.MyAccountPage - Click on loging button
19:37:55.174 [main] INFO  pages.MyAccountPage -  loginUserWithPropertiesInformation passed successful 
19:38:01.699 [main] INFO  basemethod.BaseMethod - ******************************
19:38:01.699 [main] INFO  basemethod.BaseMethod - ***********STARTING***********
19:38:01.701 [main] INFO  basemethod.BaseMethod - ******************************
19:38:01.702 [main] INFO  pages.HomePage - MyAccount Test
19:38:01.702 [main] INFO  pages.HomePage - Click on MyAccount
19:38:02.614 [main] INFO  pages.HomePage - Clicked on "MY ACCOUNT" successful 
19:38:02.736 [main] INFO  pages.MyAccountPage - Starting LoginUserWith
19:38:02.736 [main] INFO  pages.MyAccountPage - Sending email to the email field
19:38:02.796 [main] INFO  pages.MyAccountPage - Sending password to password field
19:38:02.846 [main] INFO  pages.MyAccountPage - Click on remember me checkbox
19:38:02.885 [main] INFO  pages.MyAccountPage - Click on loging button
19:38:03.727 [main] INFO  pages.MyAccountPage -  loginUserWithPropertiesInformation passed successful 
19:38:10.208 [main] INFO  basemethod.BaseMethod - ******************************
19:38:10.209 [main] INFO  basemethod.BaseMethod - ***********STARTING***********
19:38:10.209 [main] INFO  basemethod.BaseMethod - ******************************
19:38:10.210 [main] INFO  pages.HomePage - MyAccount Test
19:38:10.211 [main] INFO  pages.HomePage - Click on MyAccount
19:38:11.121 [main] INFO  pages.HomePage - Clicked on "MY ACCOUNT" successful 
19:38:11.256 [main] INFO  pages.MyAccountPage - Starting LoginUserWith
19:38:11.256 [main] INFO  pages.MyAccountPage - Sending email to the email field
19:38:11.315 [main] INFO  pages.MyAccountPage - Sending password to password field
19:38:11.361 [main] INFO  pages.MyAccountPage - Click on remember me checkbox
19:38:11.400 [main] INFO  pages.MyAccountPage - Click on loging button
19:38:12.219 [main] INFO  pages.MyAccountPage -  loginUserWithPropertiesInformation passed successful 
19:38:19.185 [main] INFO  basemethod.BaseMethod - ******************************
19:38:19.185 [main] INFO  basemethod.BaseMethod - ***********STARTING***********
19:38:19.185 [main] INFO  basemethod.BaseMethod - ******************************
19:38:19.187 [main] INFO  pages.HomePage - MyAccount Test
19:38:19.187 [main] INFO  pages.HomePage - Click on MyAccount
19:38:20.145 [main] INFO  pages.HomePage - Clicked on "MY ACCOUNT" successful 
19:38:20.276 [main] INFO  pages.MyAccountPage - Starting LoginUserWith
19:38:20.276 [main] INFO  pages.MyAccountPage - Sending email to the email field "fatinpushan3@gmail.com"
19:38:20.349 [main] INFO  pages.MyAccountPage - Sending password to password field "223892852Pp@ " 
19:38:20.404 [main] INFO  pages.MyAccountPage - Click on remember me checkbox
19:38:20.451 [main] INFO  pages.MyAccountPage - Click on loging button
19:38:21.852 [main] INFO  pages.MyAccountPage -  loginUserWithPropertiesInformation passed successful 
19:38:22.039 [main] INFO  pages.MyAccountPage - Starting orderPageButtonTest
19:38:22.039 [main] INFO  pages.MyAccountPage - Click on order page Button 
19:38:22.785 [main] INFO  pages.MyAccountPage - Seeing if the actual value is the same as the expected value "Orders"
19:38:22.798 [main] INFO  pages.MyAccountPage - orderPageButtonTest completed successful
19:39:59.984 [main] INFO  basemethod.BaseMethod - ******************************
19:39:59.992 [main] INFO  basemethod.BaseMethod - ***********STARTING***********
19:39:59.992 [main] INFO  basemethod.BaseMethod - ******************************
19:40:00.011 [main] INFO  pages.HomePage - Starting up userWishListTest
19:40:00.011 [main] INFO  pages.HomePage - Clik on user wish list button
19:40:00.776 [main] INFO  pages.HomePage - Checking to see if the actual value of wish list page title is equal to the expected "Wishlist"
19:40:00.800 [main] INFO  pages.HomePage - User wish list button was clicked on successful 
19:40:07.435 [main] INFO  basemethod.BaseMethod - ******************************
19:40:07.435 [main] INFO  basemethod.BaseMethod - ***********STARTING***********
19:40:07.435 [main] INFO  basemethod.BaseMethod - ******************************
19:40:07.438 [main] INFO  pages.HomePage - Starting facebookButtonTest
19:40:07.438 [main] INFO  pages.HomePage - Click on the facebook button
19:40:08.022 [main] INFO  pages.HomePage - facebookButtonTest passed successful
19:40:14.524 [main] INFO  basemethod.BaseMethod - ******************************
19:40:14.524 [main] INFO  basemethod.BaseMethod - ***********STARTING***********
19:40:14.524 [main] INFO  basemethod.BaseMethod - ******************************
19:40:14.526 [main] INFO  pages.HomePage - Starting hoodieHoverTest 
19:40:14.526 [main] INFO  pages.HomePage - Hover over clothing button
19:40:14.724 [main] INFO  pages.HomePage - Hover over hoodie button and click on it
19:40:15.557 [main] INFO  pages.HomePage - Test to see if the actual value is the same as the expected value "Hoodies" 
19:40:15.578 [main] INFO  pages.HomePage - Test has been completed successfully
19:40:22.542 [main] INFO  basemethod.BaseMethod - ******************************
19:40:22.542 [main] INFO  basemethod.BaseMethod - ***********STARTING***********
19:40:22.542 [main] INFO  basemethod.BaseMethod - ******************************
19:40:22.544 [main] INFO  pages.HomePage - MyAccount Test
19:40:22.544 [main] INFO  pages.HomePage - Click on MyAccount
19:40:23.434 [main] INFO  pages.HomePage - Clicked on "MY ACCOUNT" successful 
19:40:29.922 [main] INFO  basemethod.BaseMethod - ******************************
19:40:29.923 [main] INFO  basemethod.BaseMethod - ***********STARTING***********
19:40:29.923 [main] INFO  basemethod.BaseMethod - ******************************
19:40:29.924 [main] INFO  pages.HomePage - Starting cart1Test
19:40:29.925 [main] INFO  pages.HomePage - Click on user cart on the top of the page
19:40:30.826 [main] INFO  pages.HomePage - Checking to see if the actual value of cart page title is equal to the expected "Cart"
19:40:30.846 [main] INFO  pages.HomePage - userCart1Test test complete
19:40:37.249 [main] INFO  basemethod.BaseMethod - ******************************
19:40:37.249 [main] INFO  basemethod.BaseMethod - ***********STARTING***********
19:40:37.249 [main] INFO  basemethod.BaseMethod - ******************************
19:40:37.251 [main] INFO  pages.HomePage - MyAccount Test
19:40:37.251 [main] INFO  pages.HomePage - Click on MyAccount
19:40:38.149 [main] INFO  pages.HomePage - Clicked on "MY ACCOUNT" successful 
19:40:38.261 [main] INFO  pages.MyAccountPage - Starting LoginUserWith
19:40:38.261 [main] INFO  pages.MyAccountPage - Sending email to the email field "fatinpushan3@gmail.com"
19:40:38.346 [main] INFO  pages.MyAccountPage - Sending password to password field "223892852Pp@ " 
19:40:38.399 [main] INFO  pages.MyAccountPage - Click on remember me checkbox
19:40:38.442 [main] INFO  pages.MyAccountPage - Click on loging button
19:40:39.650 [main] INFO  pages.MyAccountPage -  loginUserWithPropertiesInformation passed successful 
19:40:46.123 [main] INFO  basemethod.BaseMethod - ******************************
19:40:46.123 [main] INFO  basemethod.BaseMethod - ***********STARTING***********
19:40:46.123 [main] INFO  basemethod.BaseMethod - ******************************
19:40:46.125 [main] INFO  pages.HomePage - MyAccount Test
19:40:46.125 [main] INFO  pages.HomePage - Click on MyAccount
19:40:47.054 [main] INFO  pages.HomePage - Clicked on "MY ACCOUNT" successful 
19:40:47.173 [main] INFO  pages.MyAccountPage - Starting LoginUserWith
19:40:47.174 [main] INFO  pages.MyAccountPage - Sending email to the email field "fatinpushan3@gmail.com"
19:40:47.254 [main] INFO  pages.MyAccountPage - Sending password to password field "223892852Pp@ " 
19:40:47.307 [main] INFO  pages.MyAccountPage - Click on remember me checkbox
19:40:47.347 [main] INFO  pages.MyAccountPage - Click on loging button
19:40:48.579 [main] INFO  pages.MyAccountPage -  loginUserWithPropertiesInformation passed successful 
19:40:48.685 [main] INFO  pages.MyAccountPage - Starting accountDetailsPageButtonTest
19:40:48.685 [main] INFO  pages.MyAccountPage - Click on Account page Button
19:40:49.416 [main] INFO  pages.MyAccountPage - Seeing if the actual value is the same as the expected value "Account details"
19:40:49.482 [main] INFO  pages.MyAccountPage - accountDetailsPageButtonTest completed successful
19:40:55.975 [main] INFO  basemethod.BaseMethod - ******************************
19:40:55.976 [main] INFO  basemethod.BaseMethod - ***********STARTING***********
19:40:55.976 [main] INFO  basemethod.BaseMethod - ******************************
19:40:55.978 [main] INFO  pages.HomePage - MyAccount Test
19:40:55.978 [main] INFO  pages.HomePage - Click on MyAccount
19:40:56.902 [main] INFO  pages.HomePage - Clicked on "MY ACCOUNT" successful 
19:40:57.017 [main] INFO  pages.MyAccountPage - Starting LoginUserWith
19:40:57.017 [main] INFO  pages.MyAccountPage - Sending email to the email field "fatinpushan3@gmail.com"
19:40:57.096 [main] INFO  pages.MyAccountPage - Sending password to password field "223892852Pp@ " 
19:40:57.147 [main] INFO  pages.MyAccountPage - Click on remember me checkbox
19:40:57.188 [main] INFO  pages.MyAccountPage - Click on loging button
19:40:58.397 [main] INFO  pages.MyAccountPage -  loginUserWithPropertiesInformation passed successful 
19:40:58.501 [main] INFO  pages.MyAccountPage - Starting addressesPageButtonTest
19:40:58.501 [main] INFO  pages.MyAccountPage - Click on addresses page Button
19:40:59.223 [main] INFO  pages.MyAccountPage - Seeing if the actual value is the same as the expected value "Addresses"
19:40:59.239 [main] INFO  pages.MyAccountPage - addressesPageButtonTest completed successful
19:41:05.784 [main] INFO  basemethod.BaseMethod - ******************************
19:41:05.784 [main] INFO  basemethod.BaseMethod - ***********STARTING***********
19:41:05.784 [main] INFO  basemethod.BaseMethod - ******************************
19:41:05.786 [main] INFO  pages.HomePage - MyAccount Test
19:41:05.786 [main] INFO  pages.HomePage - Click on MyAccount
19:41:06.811 [main] INFO  pages.HomePage - Clicked on "MY ACCOUNT" successful 
19:41:06.912 [main] INFO  pages.MyAccountPage - Starting LoginUserWith
19:41:06.912 [main] INFO  pages.MyAccountPage - Sending email to the email field "fatinpushan3@gmail.com"
19:41:06.991 [main] INFO  pages.MyAccountPage - Sending password to password field "223892852Pp@ " 
19:41:07.042 [main] INFO  pages.MyAccountPage - Click on remember me checkbox
19:41:07.083 [main] INFO  pages.MyAccountPage - Click on loging button
19:41:08.322 [main] INFO  pages.MyAccountPage -  loginUserWithPropertiesInformation passed successful 
19:41:08.429 [main] INFO  pages.MyAccountPage - Starting downloadsPageButtonTest
19:41:08.429 [main] INFO  pages.MyAccountPage - Click on downloads page Button
19:41:09.141 [main] INFO  pages.MyAccountPage - Seeing if the actual value is the same as the expected value "Downloads"
19:41:09.153 [main] INFO  pages.MyAccountPage - downloadsPageButtonTest completed successful
19:41:15.630 [main] INFO  basemethod.BaseMethod - ******************************
19:41:15.630 [main] INFO  basemethod.BaseMethod - ***********STARTING***********
19:41:15.630 [main] INFO  basemethod.BaseMethod - ******************************
19:41:15.632 [main] INFO  pages.HomePage - MyAccount Test
19:41:15.632 [main] INFO  pages.HomePage - Click on MyAccount
19:41:16.519 [main] INFO  pages.HomePage - Clicked on "MY ACCOUNT" successful 
19:41:16.640 [main] INFO  pages.MyAccountPage - Starting LoginUserWith
19:41:16.640 [main] INFO  pages.MyAccountPage - Sending email to the email field "fatinpushan3@gmail.com"
19:41:16.724 [main] INFO  pages.MyAccountPage - Sending password to password field "223892852Pp@ " 
19:41:16.775 [main] INFO  pages.MyAccountPage - Click on remember me checkbox
19:41:16.816 [main] INFO  pages.MyAccountPage - Click on loging button
19:41:18.498 [main] INFO  pages.MyAccountPage -  loginUserWithPropertiesInformation passed successful 
19:41:18.613 [main] INFO  pages.MyAccountPage - Starting logOutFromAccountPage Test
19:41:18.613 [main] INFO  pages.MyAccountPage - Clicking on log out button from the account page
19:41:20.265 [main] INFO  pages.MyAccountPage - Comparing the actual value from the expected value "Login"
19:41:20.307 [main] INFO  pages.MyAccountPage - logOutFromAccountPage was completed successful
19:41:26.965 [main] INFO  basemethod.BaseMethod - ******************************
19:41:26.965 [main] INFO  basemethod.BaseMethod - ***********STARTING***********
19:41:26.965 [main] INFO  basemethod.BaseMethod - ******************************
19:41:26.967 [main] INFO  pages.HomePage - MyAccount Test
19:41:26.967 [main] INFO  pages.HomePage - Click on MyAccount
19:41:27.907 [main] INFO  pages.HomePage - Clicked on "MY ACCOUNT" successful 
19:41:28.031 [main] INFO  pages.MyAccountPage - Starting LoginUserWith
19:41:28.031 [main] INFO  pages.MyAccountPage - Sending email to the email field
19:41:28.116 [main] INFO  pages.MyAccountPage - Sending password to password field
19:41:28.168 [main] INFO  pages.MyAccountPage - Click on remember me checkbox
19:41:28.210 [main] INFO  pages.MyAccountPage - Click on loging button
19:41:28.958 [main] INFO  pages.MyAccountPage -  loginUserWithPropertiesInformation passed successful 
19:41:35.357 [main] INFO  basemethod.BaseMethod - ******************************
19:41:35.357 [main] INFO  basemethod.BaseMethod - ***********STARTING***********
19:41:35.359 [main] INFO  basemethod.BaseMethod - ******************************
19:41:35.360 [main] INFO  pages.HomePage - MyAccount Test
19:41:35.360 [main] INFO  pages.HomePage - Click on MyAccount
19:41:36.261 [main] INFO  pages.HomePage - Clicked on "MY ACCOUNT" successful 
19:41:36.381 [main] INFO  pages.MyAccountPage - Starting LoginUserWith
19:41:36.381 [main] INFO  pages.MyAccountPage - Sending email to the email field
19:41:36.463 [main] INFO  pages.MyAccountPage - Sending password to password field
19:41:36.511 [main] INFO  pages.MyAccountPage - Click on remember me checkbox
19:41:36.549 [main] INFO  pages.MyAccountPage - Click on loging button
19:41:37.394 [main] INFO  pages.MyAccountPage -  loginUserWithPropertiesInformation passed successful 
19:41:43.798 [main] INFO  basemethod.BaseMethod - ******************************
19:41:43.798 [main] INFO  basemethod.BaseMethod - ***********STARTING***********
19:41:43.798 [main] INFO  basemethod.BaseMethod - ******************************
19:41:43.800 [main] INFO  pages.HomePage - MyAccount Test
19:41:43.800 [main] INFO  pages.HomePage - Click on MyAccount
19:41:44.722 [main] INFO  pages.HomePage - Clicked on "MY ACCOUNT" successful 
19:41:44.846 [main] INFO  pages.MyAccountPage - Starting LoginUserWith
19:41:44.846 [main] INFO  pages.MyAccountPage - Sending email to the email field
19:41:44.931 [main] INFO  pages.MyAccountPage - Sending password to password field
19:41:44.982 [main] INFO  pages.MyAccountPage - Click on remember me checkbox
19:41:45.032 [main] INFO  pages.MyAccountPage - Click on loging button
19:41:45.842 [main] INFO  pages.MyAccountPage -  loginUserWithPropertiesInformation passed successful 
19:41:52.285 [main] INFO  basemethod.BaseMethod - ******************************
19:41:52.285 [main] INFO  basemethod.BaseMethod - ***********STARTING***********
19:41:52.285 [main] INFO  basemethod.BaseMethod - ******************************
19:41:52.287 [main] INFO  pages.HomePage - MyAccount Test
19:41:52.287 [main] INFO  pages.HomePage - Click on MyAccount
19:41:53.179 [main] INFO  pages.HomePage - Clicked on "MY ACCOUNT" successful 
19:41:53.357 [main] INFO  pages.MyAccountPage - Starting LoginUserWith
19:41:53.357 [main] INFO  pages.MyAccountPage - Sending email to the email field "fatinpushan3@gmail.com"
19:41:53.443 [main] INFO  pages.MyAccountPage - Sending password to password field "223892852Pp@ " 
19:41:53.496 [main] INFO  pages.MyAccountPage - Click on remember me checkbox
19:41:53.535 [main] INFO  pages.MyAccountPage - Click on loging button
19:41:54.744 [main] INFO  pages.MyAccountPage -  loginUserWithPropertiesInformation passed successful 
19:41:54.860 [main] INFO  pages.MyAccountPage - Starting orderPageButtonTest
19:41:54.860 [main] INFO  pages.MyAccountPage - Click on order page Button 
19:41:55.605 [main] INFO  pages.MyAccountPage - Seeing if the actual value is the same as the expected value "Orders"
19:41:55.622 [main] INFO  pages.MyAccountPage - orderPageButtonTest completed successful
19:45:03.998 [main] INFO  basemethod.BaseMethod - ******************************
19:45:04.007 [main] INFO  basemethod.BaseMethod - ***********STARTING***********
19:45:04.007 [main] INFO  basemethod.BaseMethod - ******************************
19:45:04.025 [main] INFO  pages.HomePage - Starting up userWishListTest
19:45:04.025 [main] INFO  pages.HomePage - Clik on user wish list button
19:45:04.799 [main] INFO  pages.HomePage - Checking to see if the actual value of wish list page title is equal to the expected "Wishlist"
19:45:04.821 [main] INFO  pages.HomePage - User wish list button was clicked on successful 
19:45:11.536 [main] INFO  basemethod.BaseMethod - ******************************
19:45:11.536 [main] INFO  basemethod.BaseMethod - ***********STARTING***********
19:45:11.536 [main] INFO  basemethod.BaseMethod - ******************************
19:45:11.538 [main] INFO  pages.HomePage - Starting facebookButtonTest
19:45:11.538 [main] INFO  pages.HomePage - Click on the facebook button
19:45:12.125 [main] INFO  pages.HomePage - facebookButtonTest passed successful
19:45:19.022 [main] INFO  basemethod.BaseMethod - ******************************
19:45:19.023 [main] INFO  basemethod.BaseMethod - ***********STARTING***********
19:45:19.023 [main] INFO  basemethod.BaseMethod - ******************************
19:45:19.024 [main] INFO  pages.HomePage - Starting hoodieHoverTest 
19:45:19.024 [main] INFO  pages.HomePage - Hover over clothing button
19:45:19.230 [main] INFO  pages.HomePage - Hover over hoodie button and click on it
19:45:20.086 [main] INFO  pages.HomePage - Test to see if the actual value is the same as the expected value "Hoodies" 
19:45:20.106 [main] INFO  pages.HomePage - Test has been completed successfully
19:45:27.053 [main] INFO  basemethod.BaseMethod - ******************************
19:45:27.053 [main] INFO  basemethod.BaseMethod - ***********STARTING***********
19:45:27.053 [main] INFO  basemethod.BaseMethod - ******************************
19:45:27.054 [main] INFO  pages.HomePage - MyAccount Test
19:45:27.054 [main] INFO  pages.HomePage - Click on MyAccount
19:45:27.909 [main] INFO  pages.HomePage - Clicked on "MY ACCOUNT" successful 
19:45:34.458 [main] INFO  basemethod.BaseMethod - ******************************
19:45:34.458 [main] INFO  basemethod.BaseMethod - ***********STARTING***********
19:45:34.458 [main] INFO  basemethod.BaseMethod - ******************************
19:45:34.460 [main] INFO  pages.HomePage - Starting cart1Test
19:45:34.460 [main] INFO  pages.HomePage - Click on user cart on the top of the page
19:45:35.332 [main] INFO  pages.HomePage - Checking to see if the actual value of cart page title is equal to the expected "Cart"
19:45:35.350 [main] INFO  pages.HomePage - userCart1Test test complete
19:45:41.940 [main] INFO  basemethod.BaseMethod - ******************************
19:45:41.940 [main] INFO  basemethod.BaseMethod - ***********STARTING***********
19:45:41.940 [main] INFO  basemethod.BaseMethod - ******************************
19:45:41.942 [main] INFO  pages.HomePage - MyAccount Test
19:45:41.942 [main] INFO  pages.HomePage - Click on MyAccount
19:45:42.896 [main] INFO  pages.HomePage - Clicked on "MY ACCOUNT" successful 
19:45:43.017 [main] INFO  pages.MyAccountPage - Starting LoginUserWith
19:45:43.017 [main] INFO  pages.MyAccountPage - Sending email to the email field "fatinpushan3@gmail.com"
19:45:43.098 [main] INFO  pages.MyAccountPage - Sending password to password field "223892852Pp@ " 
19:45:43.149 [main] INFO  pages.MyAccountPage - Click on remember me checkbox
19:45:43.190 [main] INFO  pages.MyAccountPage - Click on loging button
19:45:44.423 [main] INFO  pages.MyAccountPage -  loginUserWithPropertiesInformation passed successful 
19:45:50.857 [main] INFO  basemethod.BaseMethod - ******************************
19:45:50.857 [main] INFO  basemethod.BaseMethod - ***********STARTING***********
19:45:50.857 [main] INFO  basemethod.BaseMethod - ******************************
19:45:50.859 [main] INFO  pages.HomePage - MyAccount Test
19:45:50.860 [main] INFO  pages.HomePage - Click on MyAccount
19:45:51.752 [main] INFO  pages.HomePage - Clicked on "MY ACCOUNT" successful 
19:45:51.884 [main] INFO  pages.MyAccountPage - Starting LoginUserWith
19:45:51.884 [main] INFO  pages.MyAccountPage - Sending email to the email field "fatinpushan3@gmail.com"
19:45:51.961 [main] INFO  pages.MyAccountPage - Sending password to password field "223892852Pp@ " 
19:45:52.011 [main] INFO  pages.MyAccountPage - Click on remember me checkbox
19:45:52.051 [main] INFO  pages.MyAccountPage - Click on loging button
19:45:53.266 [main] INFO  pages.MyAccountPage -  loginUserWithPropertiesInformation passed successful 
19:45:53.370 [main] INFO  pages.MyAccountPage - Starting accountDetailsPageButtonTest
19:45:53.370 [main] INFO  pages.MyAccountPage - Click on Account page Button
19:45:54.114 [main] INFO  pages.MyAccountPage - Seeing if the actual value is the same as the expected value "Account details"
19:45:54.181 [main] INFO  pages.MyAccountPage - accountDetailsPageButtonTest completed successful
19:46:00.615 [main] INFO  basemethod.BaseMethod - ******************************
19:46:00.615 [main] INFO  basemethod.BaseMethod - ***********STARTING***********
19:46:00.615 [main] INFO  basemethod.BaseMethod - ******************************
19:46:00.618 [main] INFO  pages.HomePage - MyAccount Test
19:46:00.618 [main] INFO  pages.HomePage - Click on MyAccount
19:46:01.510 [main] INFO  pages.HomePage - Clicked on "MY ACCOUNT" successful 
19:46:01.626 [main] INFO  pages.MyAccountPage - Starting LoginUserWith
19:46:01.627 [main] INFO  pages.MyAccountPage - Sending email to the email field "fatinpushan3@gmail.com"
19:46:01.707 [main] INFO  pages.MyAccountPage - Sending password to password field "223892852Pp@ " 
19:46:01.758 [main] INFO  pages.MyAccountPage - Click on remember me checkbox
19:46:01.800 [main] INFO  pages.MyAccountPage - Click on loging button
19:46:03.043 [main] INFO  pages.MyAccountPage -  loginUserWithPropertiesInformation passed successful 
19:46:03.151 [main] INFO  pages.MyAccountPage - Starting addressesPageButtonTest
19:46:03.152 [main] INFO  pages.MyAccountPage - Click on addresses page Button
19:46:03.810 [main] INFO  pages.MyAccountPage - Seeing if the actual value is the same as the expected value "Addresses"
19:46:03.822 [main] INFO  pages.MyAccountPage - addressesPageButtonTest completed successful
19:46:10.290 [main] INFO  basemethod.BaseMethod - ******************************
19:46:10.291 [main] INFO  basemethod.BaseMethod - ***********STARTING***********
19:46:10.291 [main] INFO  basemethod.BaseMethod - ******************************
19:46:10.293 [main] INFO  pages.HomePage - MyAccount Test
19:46:10.293 [main] INFO  pages.HomePage - Click on MyAccount
19:46:11.158 [main] INFO  pages.HomePage - Clicked on "MY ACCOUNT" successful 
19:46:11.276 [main] INFO  pages.MyAccountPage - Starting LoginUserWith
19:46:11.276 [main] INFO  pages.MyAccountPage - Sending email to the email field "fatinpushan3@gmail.com"
19:46:11.355 [main] INFO  pages.MyAccountPage - Sending password to password field "223892852Pp@ " 
19:46:11.406 [main] INFO  pages.MyAccountPage - Click on remember me checkbox
19:46:11.449 [main] INFO  pages.MyAccountPage - Click on loging button
19:46:12.639 [main] INFO  pages.MyAccountPage -  loginUserWithPropertiesInformation passed successful 
19:46:12.747 [main] INFO  pages.MyAccountPage - Starting downloadsPageButtonTest
19:46:12.747 [main] INFO  pages.MyAccountPage - Click on downloads page Button
19:46:13.455 [main] INFO  pages.MyAccountPage - Seeing if the actual value is the same as the expected value "Downloads"
19:46:13.468 [main] INFO  pages.MyAccountPage - downloadsPageButtonTest completed successful
19:46:20.818 [main] INFO  basemethod.BaseMethod - ******************************
19:46:20.819 [main] INFO  basemethod.BaseMethod - ***********STARTING***********
19:46:20.819 [main] INFO  basemethod.BaseMethod - ******************************
19:46:20.821 [main] INFO  pages.HomePage - MyAccount Test
19:46:20.821 [main] INFO  pages.HomePage - Click on MyAccount
19:46:21.742 [main] INFO  pages.HomePage - Clicked on "MY ACCOUNT" successful 
19:46:21.857 [main] INFO  pages.MyAccountPage - Starting LoginUserWith
19:46:21.858 [main] INFO  pages.MyAccountPage - Sending email to the email field "fatinpushan3@gmail.com"
19:46:21.939 [main] INFO  pages.MyAccountPage - Sending password to password field "223892852Pp@ " 
19:46:21.990 [main] INFO  pages.MyAccountPage - Click on remember me checkbox
19:46:22.031 [main] INFO  pages.MyAccountPage - Click on loging button
19:46:23.213 [main] INFO  pages.MyAccountPage -  loginUserWithPropertiesInformation passed successful 
19:46:23.325 [main] INFO  pages.MyAccountPage - Starting logOutFromAccountPage Test
19:46:23.325 [main] INFO  pages.MyAccountPage - Clicking on log out button from the account page
19:46:24.960 [main] INFO  pages.MyAccountPage - Comparing the actual value from the expected value "Login"
19:46:25.020 [main] INFO  pages.MyAccountPage - logOutFromAccountPage was completed successful
19:46:31.750 [main] INFO  basemethod.BaseMethod - ******************************
19:46:31.750 [main] INFO  basemethod.BaseMethod - ***********STARTING***********
19:46:31.750 [main] INFO  basemethod.BaseMethod - ******************************
19:46:31.753 [main] INFO  pages.HomePage - MyAccount Test
19:46:31.753 [main] INFO  pages.HomePage - Click on MyAccount
19:46:32.627 [main] INFO  pages.HomePage - Clicked on "MY ACCOUNT" successful 
19:46:32.771 [main] INFO  pages.MyAccountPage - Starting LoginUserWith
19:46:32.771 [main] INFO  pages.MyAccountPage - Sending email to the email field
19:46:32.857 [main] INFO  pages.MyAccountPage - Sending password to password field
19:46:32.908 [main] INFO  pages.MyAccountPage - Click on remember me checkbox
19:46:32.951 [main] INFO  pages.MyAccountPage - Click on loging button
19:46:33.757 [main] INFO  pages.MyAccountPage -  loginUserWithPropertiesInformation passed successful 
19:46:40.286 [main] INFO  basemethod.BaseMethod - ******************************
19:46:40.286 [main] INFO  basemethod.BaseMethod - ***********STARTING***********
19:46:40.287 [main] INFO  basemethod.BaseMethod - ******************************
19:46:40.288 [main] INFO  pages.HomePage - MyAccount Test
19:46:40.288 [main] INFO  pages.HomePage - Click on MyAccount
19:46:41.240 [main] INFO  pages.HomePage - Clicked on "MY ACCOUNT" successful 
19:46:41.364 [main] INFO  pages.MyAccountPage - Starting LoginUserWith
19:46:41.364 [main] INFO  pages.MyAccountPage - Sending email to the email field
19:46:41.443 [main] INFO  pages.MyAccountPage - Sending password to password field
19:46:41.496 [main] INFO  pages.MyAccountPage - Click on remember me checkbox
19:46:41.535 [main] INFO  pages.MyAccountPage - Click on loging button
19:46:42.370 [main] INFO  pages.MyAccountPage -  loginUserWithPropertiesInformation passed successful 
19:46:48.774 [main] INFO  basemethod.BaseMethod - ******************************
19:46:48.775 [main] INFO  basemethod.BaseMethod - ***********STARTING***********
19:46:48.775 [main] INFO  basemethod.BaseMethod - ******************************
19:46:48.778 [main] INFO  pages.HomePage - MyAccount Test
19:46:48.778 [main] INFO  pages.HomePage - Click on MyAccount
19:46:49.641 [main] INFO  pages.HomePage - Clicked on "MY ACCOUNT" successful 
19:46:49.766 [main] INFO  pages.MyAccountPage - Starting LoginUserWith
19:46:49.766 [main] INFO  pages.MyAccountPage - Sending email to the email field
19:46:49.846 [main] INFO  pages.MyAccountPage - Sending password to password field
19:46:49.895 [main] INFO  pages.MyAccountPage - Click on remember me checkbox
19:46:49.935 [main] INFO  pages.MyAccountPage - Click on loging button
19:46:50.717 [main] INFO  pages.MyAccountPage -  loginUserWithPropertiesInformation passed successful 
19:46:57.174 [main] INFO  basemethod.BaseMethod - ******************************
19:46:57.174 [main] INFO  basemethod.BaseMethod - ***********STARTING***********
19:46:57.174 [main] INFO  basemethod.BaseMethod - ******************************
19:46:57.176 [main] INFO  pages.HomePage - MyAccount Test
19:46:57.176 [main] INFO  pages.HomePage - Click on MyAccount
19:46:58.082 [main] INFO  pages.HomePage - Clicked on "MY ACCOUNT" successful 
19:46:58.212 [main] INFO  pages.MyAccountPage - Starting LoginUserWith
19:46:58.212 [main] INFO  pages.MyAccountPage - Sending email to the email field "fatinpushan3@gmail.com"
19:46:58.291 [main] INFO  pages.MyAccountPage - Sending password to password field "223892852Pp@ " 
19:46:58.340 [main] INFO  pages.MyAccountPage - Click on remember me checkbox
19:46:58.379 [main] INFO  pages.MyAccountPage - Click on loging button
19:46:59.611 [main] INFO  pages.MyAccountPage -  loginUserWithPropertiesInformation passed successful 
19:46:59.718 [main] INFO  pages.MyAccountPage - Starting orderPageButtonTest
19:46:59.718 [main] INFO  pages.MyAccountPage - Click on order page Button 
19:47:00.431 [main] INFO  pages.MyAccountPage - Seeing if the actual value is the same as the expected value "Orders"
19:47:00.443 [main] INFO  pages.MyAccountPage - orderPageButtonTest completed successful
19:48:55.710 [main] INFO  basemethod.BaseMethod - ******************************
19:48:55.719 [main] INFO  basemethod.BaseMethod - ***********STARTING***********
19:48:55.719 [main] INFO  basemethod.BaseMethod - ******************************
19:48:55.743 [main] INFO  pages.HomePage - Starting up userWishListTest
19:48:55.743 [main] INFO  pages.HomePage - Clik on user wish list button
19:48:56.541 [main] INFO  pages.HomePage - Checking to see if the actual value of wish list page title is equal to the expected "Wishlist"
19:48:56.563 [main] INFO  pages.HomePage - User wish list button was clicked on successful 
19:49:03.222 [main] INFO  basemethod.BaseMethod - ******************************
19:49:03.222 [main] INFO  basemethod.BaseMethod - ***********STARTING***********
19:49:03.222 [main] INFO  basemethod.BaseMethod - ******************************
19:49:03.224 [main] INFO  pages.HomePage - Starting facebookButtonTest
19:49:03.224 [main] INFO  pages.HomePage - Click on the facebook button
19:49:03.790 [main] INFO  pages.HomePage - facebookButtonTest passed successful
19:49:10.202 [main] INFO  basemethod.BaseMethod - ******************************
19:49:10.202 [main] INFO  basemethod.BaseMethod - ***********STARTING***********
19:49:10.202 [main] INFO  basemethod.BaseMethod - ******************************
19:49:10.204 [main] INFO  pages.HomePage - Starting hoodieHoverTest 
19:49:10.204 [main] INFO  pages.HomePage - Hover over clothing button
19:49:10.408 [main] INFO  pages.HomePage - Hover over hoodie button and click on it
19:49:11.177 [main] INFO  pages.HomePage - Test to see if the actual value is the same as the expected value "Hoodies" 
19:49:11.199 [main] INFO  pages.HomePage - Test has been completed successfully
19:49:17.611 [main] INFO  basemethod.BaseMethod - ******************************
19:49:17.611 [main] INFO  basemethod.BaseMethod - ***********STARTING***********
19:49:17.611 [main] INFO  basemethod.BaseMethod - ******************************
19:49:17.613 [main] INFO  pages.HomePage - MyAccount Test
19:49:17.613 [main] INFO  pages.HomePage - Click on MyAccount
19:49:18.541 [main] INFO  pages.HomePage - Clicked on "MY ACCOUNT" successful 
19:49:24.990 [main] INFO  basemethod.BaseMethod - ******************************
19:49:24.990 [main] INFO  basemethod.BaseMethod - ***********STARTING***********
19:49:24.991 [main] INFO  basemethod.BaseMethod - ******************************
19:49:24.992 [main] INFO  pages.HomePage - Starting cart1Test
19:49:24.992 [main] INFO  pages.HomePage - Click on user cart on the top of the page
19:49:25.866 [main] INFO  pages.HomePage - Checking to see if the actual value of cart page title is equal to the expected "Cart"
19:49:25.886 [main] INFO  pages.HomePage - userCart1Test test complete
19:49:32.356 [main] INFO  basemethod.BaseMethod - ******************************
19:49:32.356 [main] INFO  basemethod.BaseMethod - ***********STARTING***********
19:49:32.356 [main] INFO  basemethod.BaseMethod - ******************************
19:49:32.358 [main] INFO  pages.HomePage - MyAccount Test
19:49:32.358 [main] INFO  pages.HomePage - Click on MyAccount
19:49:33.289 [main] INFO  pages.HomePage - Clicked on "MY ACCOUNT" successful 
19:49:33.417 [main] INFO  pages.MyAccountPage - Starting LoginUserWith
19:49:33.417 [main] INFO  pages.MyAccountPage - Sending email to the email field "fatinpushan3@gmail.com"
19:49:33.504 [main] INFO  pages.MyAccountPage - Sending password to password field "223892852Pp@ " 
19:49:33.556 [main] INFO  pages.MyAccountPage - Click on remember me checkbox
19:49:33.597 [main] INFO  pages.MyAccountPage - Click on loging button
19:49:34.829 [main] INFO  pages.MyAccountPage -  loginUserWithPropertiesInformation passed successful 
19:49:41.228 [main] INFO  basemethod.BaseMethod - ******************************
19:49:41.228 [main] INFO  basemethod.BaseMethod - ***********STARTING***********
19:49:41.229 [main] INFO  basemethod.BaseMethod - ******************************
19:49:41.231 [main] INFO  pages.HomePage - MyAccount Test
19:49:41.231 [main] INFO  pages.HomePage - Click on MyAccount
19:49:42.174 [main] INFO  pages.HomePage - Clicked on "MY ACCOUNT" successful 
19:49:42.294 [main] INFO  pages.MyAccountPage - Starting LoginUserWith
19:49:42.294 [main] INFO  pages.MyAccountPage - Sending email to the email field "fatinpushan3@gmail.com"
19:49:42.376 [main] INFO  pages.MyAccountPage - Sending password to password field "223892852Pp@ " 
19:49:42.427 [main] INFO  pages.MyAccountPage - Click on remember me checkbox
19:49:42.468 [main] INFO  pages.MyAccountPage - Click on loging button
19:49:43.705 [main] INFO  pages.MyAccountPage -  loginUserWithPropertiesInformation passed successful 
19:49:43.817 [main] INFO  pages.MyAccountPage - Starting accountDetailsPageButtonTest
19:49:43.818 [main] INFO  pages.MyAccountPage - Click on Account page Button
19:49:44.528 [main] INFO  pages.MyAccountPage - Seeing if the actual value is the same as the expected value "Account details"
19:49:44.603 [main] INFO  pages.MyAccountPage - accountDetailsPageButtonTest completed successful
19:49:51.110 [main] INFO  basemethod.BaseMethod - ******************************
19:49:51.110 [main] INFO  basemethod.BaseMethod - ***********STARTING***********
19:49:51.110 [main] INFO  basemethod.BaseMethod - ******************************
19:49:51.112 [main] INFO  pages.HomePage - MyAccount Test
19:49:51.112 [main] INFO  pages.HomePage - Click on MyAccount
19:49:51.979 [main] INFO  pages.HomePage - Clicked on "MY ACCOUNT" successful 
19:49:52.103 [main] INFO  pages.MyAccountPage - Starting LoginUserWith
19:49:52.103 [main] INFO  pages.MyAccountPage - Sending email to the email field "fatinpushan3@gmail.com"
19:49:52.184 [main] INFO  pages.MyAccountPage - Sending password to password field "223892852Pp@ " 
19:49:52.235 [main] INFO  pages.MyAccountPage - Click on remember me checkbox
19:49:52.277 [main] INFO  pages.MyAccountPage - Click on loging button
19:49:53.422 [main] INFO  pages.MyAccountPage -  loginUserWithPropertiesInformation passed successful 
19:49:53.557 [main] INFO  pages.MyAccountPage - Starting addressesPageButtonTest
19:49:53.557 [main] INFO  pages.MyAccountPage - Click on addresses page Button
19:49:54.294 [main] INFO  pages.MyAccountPage - Seeing if the actual value is the same as the expected value "Addresses"
19:49:54.308 [main] INFO  pages.MyAccountPage - addressesPageButtonTest completed successful
19:50:00.798 [main] INFO  basemethod.BaseMethod - ******************************
19:50:00.799 [main] INFO  basemethod.BaseMethod - ***********STARTING***********
19:50:00.799 [main] INFO  basemethod.BaseMethod - ******************************
19:50:00.801 [main] INFO  pages.HomePage - MyAccount Test
19:50:00.801 [main] INFO  pages.HomePage - Click on MyAccount
19:50:01.757 [main] INFO  pages.HomePage - Clicked on "MY ACCOUNT" successful 
19:50:01.893 [main] INFO  pages.MyAccountPage - Starting LoginUserWith
19:50:01.893 [main] INFO  pages.MyAccountPage - Sending email to the email field "fatinpushan3@gmail.com"
19:50:01.978 [main] INFO  pages.MyAccountPage - Sending password to password field "223892852Pp@ " 
19:50:02.028 [main] INFO  pages.MyAccountPage - Click on remember me checkbox
19:50:02.073 [main] INFO  pages.MyAccountPage - Click on loging button
19:50:03.222 [main] INFO  pages.MyAccountPage -  loginUserWithPropertiesInformation passed successful 
19:50:03.342 [main] INFO  pages.MyAccountPage - Starting downloadsPageButtonTest
19:50:03.342 [main] INFO  pages.MyAccountPage - Click on downloads page Button
19:50:04.056 [main] INFO  pages.MyAccountPage - Seeing if the actual value is the same as the expected value "Downloads"
19:50:04.068 [main] INFO  pages.MyAccountPage - downloadsPageButtonTest completed successful
19:50:10.693 [main] INFO  basemethod.BaseMethod - ******************************
19:50:10.693 [main] INFO  basemethod.BaseMethod - ***********STARTING***********
19:50:10.693 [main] INFO  basemethod.BaseMethod - ******************************
19:50:10.695 [main] INFO  pages.HomePage - MyAccount Test
19:50:10.696 [main] INFO  pages.HomePage - Click on MyAccount
19:50:11.579 [main] INFO  pages.HomePage - Clicked on "MY ACCOUNT" successful 
19:50:11.716 [main] INFO  pages.MyAccountPage - Starting LoginUserWith
19:50:11.716 [main] INFO  pages.MyAccountPage - Sending email to the email field "fatinpushan3@gmail.com"
19:50:11.799 [main] INFO  pages.MyAccountPage - Sending password to password field "223892852Pp@ " 
19:50:11.849 [main] INFO  pages.MyAccountPage - Click on remember me checkbox
19:50:11.889 [main] INFO  pages.MyAccountPage - Click on loging button
19:50:13.111 [main] INFO  pages.MyAccountPage -  loginUserWithPropertiesInformation passed successful 
19:50:13.228 [main] INFO  pages.MyAccountPage - Starting logOutFromAccountPage Test
19:50:13.229 [main] INFO  pages.MyAccountPage - Clicking on log out button from the account page
19:50:14.894 [main] INFO  pages.MyAccountPage - Comparing the actual value from the expected value "Login"
19:50:15.001 [main] INFO  pages.MyAccountPage - logOutFromAccountPage was completed successful
19:50:22.105 [main] INFO  basemethod.BaseMethod - ******************************
19:50:22.106 [main] INFO  basemethod.BaseMethod - ***********STARTING***********
19:50:22.106 [main] INFO  basemethod.BaseMethod - ******************************
19:50:22.108 [main] INFO  pages.HomePage - MyAccount Test
19:50:22.108 [main] INFO  pages.HomePage - Click on MyAccount
19:50:23.046 [main] INFO  pages.HomePage - Clicked on "MY ACCOUNT" successful 
19:50:23.183 [main] INFO  pages.MyAccountPage - Starting LoginUserWith
19:50:23.183 [main] INFO  pages.MyAccountPage - Sending email to the email field
19:50:23.276 [main] INFO  pages.MyAccountPage - Sending password to password field
19:50:23.326 [main] INFO  pages.MyAccountPage - Click on remember me checkbox
19:50:23.367 [main] INFO  pages.MyAccountPage - Click on loging button
19:50:24.189 [main] INFO  pages.MyAccountPage -  loginUserWithPropertiesInformation passed successful 
19:50:30.596 [main] INFO  basemethod.BaseMethod - ******************************
19:50:30.596 [main] INFO  basemethod.BaseMethod - ***********STARTING***********
19:50:30.598 [main] INFO  basemethod.BaseMethod - ******************************
19:50:30.599 [main] INFO  pages.HomePage - MyAccount Test
19:50:30.599 [main] INFO  pages.HomePage - Click on MyAccount
19:50:31.482 [main] INFO  pages.HomePage - Clicked on "MY ACCOUNT" successful 
19:50:31.602 [main] INFO  pages.MyAccountPage - Starting LoginUserWith
19:50:31.602 [main] INFO  pages.MyAccountPage - Sending email to the email field
19:50:31.684 [main] INFO  pages.MyAccountPage - Sending password to password field
19:50:31.733 [main] INFO  pages.MyAccountPage - Click on remember me checkbox
19:50:31.774 [main] INFO  pages.MyAccountPage - Click on loging button
19:50:32.599 [main] INFO  pages.MyAccountPage -  loginUserWithPropertiesInformation passed successful 
19:50:39.060 [main] INFO  basemethod.BaseMethod - ******************************
19:50:39.060 [main] INFO  basemethod.BaseMethod - ***********STARTING***********
19:50:39.060 [main] INFO  basemethod.BaseMethod - ******************************
19:50:39.061 [main] INFO  pages.HomePage - MyAccount Test
19:50:39.062 [main] INFO  pages.HomePage - Click on MyAccount
19:50:40.011 [main] INFO  pages.HomePage - Clicked on "MY ACCOUNT" successful 
19:50:40.148 [main] INFO  pages.MyAccountPage - Starting LoginUserWith
19:50:40.148 [main] INFO  pages.MyAccountPage - Sending email to the email field
19:50:40.239 [main] INFO  pages.MyAccountPage - Sending password to password field
19:50:40.290 [main] INFO  pages.MyAccountPage - Click on remember me checkbox
19:50:40.331 [main] INFO  pages.MyAccountPage - Click on loging button
19:50:41.071 [main] INFO  pages.MyAccountPage -  loginUserWithPropertiesInformation passed successful 
19:50:47.612 [main] INFO  basemethod.BaseMethod - ******************************
19:50:47.612 [main] INFO  basemethod.BaseMethod - ***********STARTING***********
19:50:47.612 [main] INFO  basemethod.BaseMethod - ******************************
19:50:47.613 [main] INFO  pages.HomePage - MyAccount Test
19:50:47.613 [main] INFO  pages.HomePage - Click on MyAccount
19:50:48.578 [main] INFO  pages.HomePage - Clicked on "MY ACCOUNT" successful 
19:50:48.714 [main] INFO  pages.MyAccountPage - Starting LoginUserWith
19:50:48.714 [main] INFO  pages.MyAccountPage - Sending email to the email field "fatinpushan3@gmail.com"
19:50:48.798 [main] INFO  pages.MyAccountPage - Sending password to password field "223892852Pp@ " 
19:50:48.848 [main] INFO  pages.MyAccountPage - Click on remember me checkbox
19:50:48.886 [main] INFO  pages.MyAccountPage - Click on loging button
19:50:50.121 [main] INFO  pages.MyAccountPage -  loginUserWithPropertiesInformation passed successful 
19:50:50.242 [main] INFO  pages.MyAccountPage - Starting orderPageButtonTest
19:50:50.242 [main] INFO  pages.MyAccountPage - Click on order page Button 
19:50:50.951 [main] INFO  pages.MyAccountPage - Seeing if the actual value is the same as the expected value "Orders"
19:50:50.964 [main] INFO  pages.MyAccountPage - orderPageButtonTest completed successful
