18:22:52.635 [main] INFO  basemethod.BaseMethod - ******************************
18:22:52.655 [main] INFO  pages.HomePage - MyAccount Test
18:22:52.656 [main] INFO  pages.HomePage - Click on MyAccount
18:22:58.244 [main] INFO  pages.HomePage - Clicked on "MY ACCOUNT" successful 
18:22:58.897 [main] INFO  pages.MyAccountPage - Starting negativeLoginUserWithXLSXFile
18:22:58.897 [main] INFO  pages.MyAccountPage - Sending email to the email field
18:22:59.180 [main] INFO  pages.MyAccountPage - Sending password to password field
18:22:59.291 [main] INFO  pages.MyAccountPage - Click on remember me checkbox
18:22:59.378 [main] INFO  pages.MyAccountPage - Click on loging button
18:23:00.426 [main] INFO  pages.MyAccountPage -  negativeLoginUserWithXLSXFile passed successful 
18:25:33.631 [main] INFO  basemethod.BaseMethod - ******************************
18:25:33.634 [main] INFO  basemethod.BaseMethod - ***********STARTING***********
18:25:33.634 [main] INFO  basemethod.BaseMethod - ******************************
18:25:33.667 [main] INFO  pages.HomePage - MyAccount Test
18:25:33.667 [main] INFO  pages.HomePage - Click on MyAccount
18:25:39.436 [main] INFO  pages.HomePage - Clicked on "MY ACCOUNT" successful 
18:25:39.937 [main] INFO  pages.MyAccountPage - Starting negativeLoginUserWithXLSXFile
18:25:39.938 [main] INFO  pages.MyAccountPage - Sending email to the email field
18:25:40.234 [main] INFO  pages.MyAccountPage - Sending password to password field
18:25:40.367 [main] INFO  pages.MyAccountPage - Click on remember me checkbox
18:25:40.454 [main] INFO  pages.MyAccountPage - Click on login button
18:25:44.609 [main] INFO  pages.MyAccountPage -  negativeLoginUserWithXLSXFile passed successful 
18:25:53.905 [main] INFO  basemethod.BaseMethod - ******************************
18:25:53.906 [main] INFO  basemethod.BaseMethod - ***********STARTING***********
18:25:53.906 [main] INFO  basemethod.BaseMethod - ******************************
18:25:53.908 [main] INFO  pages.HomePage - MyAccount Test
18:25:53.909 [main] INFO  pages.HomePage - Click on MyAccount
18:25:59.914 [main] INFO  pages.HomePage - Clicked on "MY ACCOUNT" successful 
18:26:00.382 [main] INFO  pages.MyAccountPage - Starting negativeLoginUserWithXLSXFile
18:26:00.382 [main] INFO  pages.MyAccountPage - Sending email to the email field
18:26:00.681 [main] INFO  pages.MyAccountPage - Sending password to password field
18:26:00.791 [main] INFO  pages.MyAccountPage - Click on remember me checkbox
18:26:00.887 [main] INFO  pages.MyAccountPage - Click on login button
18:26:24.203 [main] INFO  basemethod.BaseMethod - ******************************
18:26:24.203 [main] INFO  basemethod.BaseMethod - ***********STARTING***********
18:26:24.203 [main] INFO  basemethod.BaseMethod - ******************************
18:26:24.206 [main] INFO  pages.HomePage - MyAccount Test
18:26:24.206 [main] INFO  pages.HomePage - Click on MyAccount
18:26:29.609 [main] INFO  pages.HomePage - Clicked on "MY ACCOUNT" successful 
18:26:30.090 [main] INFO  pages.MyAccountPage - Starting negativeLoginUserWithXLSXFile
18:26:30.091 [main] INFO  pages.MyAccountPage - Sending email to the email field
18:26:30.391 [main] INFO  pages.MyAccountPage - Sending password to password field
18:26:30.502 [main] INFO  pages.MyAccountPage - Click on remember me checkbox
18:26:30.621 [main] INFO  pages.MyAccountPage - Click on login button
18:26:53.873 [main] INFO  basemethod.BaseMethod - ******************************
18:26:53.873 [main] INFO  basemethod.BaseMethod - ***********STARTING***********
18:26:53.874 [main] INFO  basemethod.BaseMethod - ******************************
18:26:53.876 [main] INFO  pages.HomePage - MyAccount Test
18:26:53.876 [main] INFO  pages.HomePage - Click on MyAccount
18:26:58.935 [main] INFO  pages.HomePage - Clicked on "MY ACCOUNT" successful 
18:26:59.466 [main] INFO  pages.MyAccountPage - Starting negativeLoginUserWithXLSXFile
18:26:59.467 [main] INFO  pages.MyAccountPage - Sending email to the email field
18:26:59.728 [main] INFO  pages.MyAccountPage - Sending password to password field
18:26:59.822 [main] INFO  pages.MyAccountPage - Click on remember me checkbox
18:26:59.913 [main] INFO  pages.MyAccountPage - Click on login button
18:27:04.078 [main] INFO  pages.MyAccountPage -  negativeLoginUserWithXLSXFile passed successful 
18:27:13.211 [main] INFO  basemethod.BaseMethod - ******************************
18:27:13.222 [main] INFO  basemethod.BaseMethod - ***********STARTING***********
18:27:13.223 [main] INFO  basemethod.BaseMethod - ******************************
18:27:13.227 [main] INFO  pages.HomePage - MyAccount Test
18:27:13.227 [main] INFO  pages.HomePage - Click on MyAccount
18:27:18.278 [main] INFO  pages.HomePage - Clicked on "MY ACCOUNT" successful 
18:27:18.945 [main] INFO  pages.MyAccountPage - Starting negativeLoginUserWithXLSXFile
18:27:18.945 [main] INFO  pages.MyAccountPage - Sending email to the email field
18:27:19.221 [main] INFO  pages.MyAccountPage - Sending password to password field
18:27:19.323 [main] INFO  pages.MyAccountPage - Click on remember me checkbox
18:27:19.417 [main] INFO  pages.MyAccountPage - Click on login button
18:27:24.012 [main] INFO  pages.MyAccountPage -  negativeLoginUserWithXLSXFile passed successful 
18:43:31.355 [main] INFO  basemethod.BaseMethod - ******************************
18:43:31.361 [main] INFO  basemethod.BaseMethod - ***********STARTING***********
18:43:31.361 [main] INFO  basemethod.BaseMethod - ******************************
18:43:31.389 [main] INFO  pages.HomePage - MyAccount Test
18:43:31.390 [main] INFO  pages.HomePage - Click on MyAccount
18:43:37.135 [main] INFO  pages.HomePage - Clicked on "MY ACCOUNT" successful 
18:43:37.855 [main] INFO  pages.MyAccountPage - Starting negativeLoginUserWithXLSXFile
18:43:37.856 [main] INFO  pages.MyAccountPage - Sending email to the email field
18:43:38.172 [main] INFO  pages.MyAccountPage - Sending password to password field
18:43:38.269 [main] INFO  pages.MyAccountPage - Click on remember me checkbox
18:43:38.341 [main] INFO  pages.MyAccountPage - Click on login button
18:43:48.242 [main] INFO  basemethod.BaseMethod - ******************************
18:43:48.242 [main] INFO  basemethod.BaseMethod - ***********STARTING***********
18:43:48.243 [main] INFO  basemethod.BaseMethod - ******************************
18:43:48.245 [main] INFO  pages.HomePage - MyAccount Test
18:43:48.245 [main] INFO  pages.HomePage - Click on MyAccount
18:43:53.957 [main] INFO  pages.HomePage - Clicked on "MY ACCOUNT" successful 
18:43:54.612 [main] INFO  pages.MyAccountPage - Starting negativeLoginUserWithXLSXFile
18:43:54.612 [main] INFO  pages.MyAccountPage - Sending email to the email field
18:43:54.904 [main] INFO  pages.MyAccountPage - Sending password to password field
18:43:55.010 [main] INFO  pages.MyAccountPage - Click on remember me checkbox
18:43:55.080 [main] INFO  pages.MyAccountPage - Click on login button
18:44:04.929 [main] INFO  basemethod.BaseMethod - ******************************
18:44:04.929 [main] INFO  basemethod.BaseMethod - ***********STARTING***********
18:44:04.929 [main] INFO  basemethod.BaseMethod - ******************************
18:44:04.931 [main] INFO  pages.HomePage - MyAccount Test
18:44:04.932 [main] INFO  pages.HomePage - Click on MyAccount
18:44:10.340 [main] INFO  pages.HomePage - Clicked on "MY ACCOUNT" successful 
18:44:11.010 [main] INFO  pages.MyAccountPage - Starting negativeLoginUserWithXLSXFile
18:44:11.010 [main] INFO  pages.MyAccountPage - Sending email to the email field
18:44:11.289 [main] INFO  pages.MyAccountPage - Sending password to password field
18:44:11.399 [main] INFO  pages.MyAccountPage - Click on remember me checkbox
18:44:11.513 [main] INFO  pages.MyAccountPage - Click on login button
18:44:21.438 [main] INFO  basemethod.BaseMethod - ******************************
18:44:21.438 [main] INFO  basemethod.BaseMethod - ***********STARTING***********
18:44:21.439 [main] INFO  basemethod.BaseMethod - ******************************
18:44:21.442 [main] INFO  pages.HomePage - MyAccount Test
18:44:21.442 [main] INFO  pages.HomePage - Click on MyAccount
18:44:26.734 [main] INFO  pages.HomePage - Clicked on "MY ACCOUNT" successful 
18:44:27.369 [main] INFO  pages.MyAccountPage - Starting negativeLoginUserWithXLSXFile
18:44:27.370 [main] INFO  pages.MyAccountPage - Sending email to the email field
18:44:27.603 [main] INFO  pages.MyAccountPage - Sending password to password field
18:44:27.706 [main] INFO  pages.MyAccountPage - Click on remember me checkbox
18:44:27.793 [main] INFO  pages.MyAccountPage - Click on login button
18:44:37.677 [main] INFO  basemethod.BaseMethod - ******************************
18:44:37.678 [main] INFO  basemethod.BaseMethod - ***********STARTING***********
18:44:37.678 [main] INFO  basemethod.BaseMethod - ******************************
18:44:37.685 [main] INFO  pages.HomePage - MyAccount Test
18:44:37.686 [main] INFO  pages.HomePage - Click on MyAccount
18:44:43.578 [main] INFO  pages.HomePage - Clicked on "MY ACCOUNT" successful 
18:44:44.258 [main] INFO  pages.MyAccountPage - Starting negativeLoginUserWithXLSXFile
18:44:44.259 [main] INFO  pages.MyAccountPage - Sending email to the email field
18:44:44.537 [main] INFO  pages.MyAccountPage - Sending password to password field
18:44:44.620 [main] INFO  pages.MyAccountPage - Click on remember me checkbox
18:44:44.681 [main] INFO  pages.MyAccountPage - Click on login button
18:47:57.603 [main] INFO  basemethod.BaseMethod - ******************************
18:47:57.613 [main] INFO  basemethod.BaseMethod - ***********STARTING***********
18:47:57.613 [main] INFO  basemethod.BaseMethod - ******************************
18:47:57.658 [main] INFO  pages.HomePage - MyAccount Test
18:47:57.659 [main] INFO  pages.HomePage - Click on MyAccount
18:48:03.601 [main] INFO  pages.HomePage - Clicked on "MY ACCOUNT" successful 
18:48:04.075 [main] INFO  pages.MyAccountPage - Starting negativeLoginUserWithXLSXFile
18:48:04.075 [main] INFO  pages.MyAccountPage - Sending email to the email field
18:48:04.314 [main] INFO  pages.MyAccountPage - Sending password to password field
18:48:04.414 [main] INFO  pages.MyAccountPage - Click on remember me checkbox
