19:04:54.930 [main] INFO  pages.HomePage - Click on MyAccount
19:05:01.023 [main] INFO  pages.HomePage - Clicked on "MY ACCOUNT" successful 
19:05:11.613 [main] INFO  basemethod.BaseMethod - ******************************
19:05:11.613 [main] INFO  basemethod.BaseMethod - ***********STARTING***********
19:05:11.613 [main] INFO  basemethod.BaseMethod - ******************************
19:05:11.616 [main] INFO  pages.HomePage - MyAccount Test
19:05:11.617 [main] INFO  pages.HomePage - Click on MyAccount
20:05:58.588 [main] INFO  basemethod.BaseMethod - ******************************
20:05:58.592 [main] INFO  basemethod.BaseMethod - ***********STARTING***********
20:05:58.593 [main] INFO  basemethod.BaseMethod - ******************************
20:05:58.621 [main] INFO  pages.HomePage - MyAccount Test
20:05:58.622 [main] INFO  pages.HomePage - Click on MyAccount
20:06:04.645 [main] INFO  pages.HomePage - Clicked on "MY ACCOUNT" successful 
20:06:14.720 [main] INFO  basemethod.BaseMethod - ******************************
20:06:14.720 [main] INFO  basemethod.BaseMethod - ***********STARTING***********
20:06:14.721 [main] INFO  basemethod.BaseMethod - ******************************
20:06:14.736 [main] INFO  pages.HomePage - MyAccount Test
20:06:14.737 [main] INFO  pages.HomePage - Click on MyAccount
20:06:20.305 [main] INFO  pages.HomePage - Clicked on "MY ACCOUNT" successful 
20:06:29.963 [main] INFO  basemethod.BaseMethod - ******************************
20:06:29.964 [main] INFO  basemethod.BaseMethod - ***********STARTING***********
20:06:29.964 [main] INFO  basemethod.BaseMethod - ******************************
20:06:29.968 [main] INFO  pages.HomePage - MyAccount Test
20:06:29.968 [main] INFO  pages.HomePage - Click on MyAccount
20:06:35.421 [main] INFO  pages.HomePage - Clicked on "MY ACCOUNT" successful 
20:06:45.027 [main] INFO  basemethod.BaseMethod - ******************************
20:06:45.028 [main] INFO  basemethod.BaseMethod - ***********STARTING***********
20:06:45.028 [main] INFO  basemethod.BaseMethod - ******************************
20:06:45.032 [main] INFO  pages.HomePage - MyAccount Test
20:06:45.032 [main] INFO  pages.HomePage - Click on MyAccount
20:06:50.887 [main] INFO  pages.HomePage - Clicked on "MY ACCOUNT" successful 
20:07:00.358 [main] INFO  basemethod.BaseMethod - ******************************
20:07:00.359 [main] INFO  basemethod.BaseMethod - ***********STARTING***********
20:07:00.359 [main] INFO  basemethod.BaseMethod - ******************************
20:07:00.364 [main] INFO  pages.HomePage - MyAccount Test
20:07:00.365 [main] INFO  pages.HomePage - Click on MyAccount
20:07:06.280 [main] INFO  pages.HomePage - Clicked on "MY ACCOUNT" successful 
20:08:12.152 [main] INFO  basemethod.BaseMethod - ******************************
20:08:12.163 [main] INFO  basemethod.BaseMethod - ***********STARTING***********
20:08:12.164 [main] INFO  basemethod.BaseMethod - ******************************
20:08:12.244 [main] INFO  pages.HomePage - MyAccount Test
20:08:12.245 [main] INFO  pages.HomePage - Click on MyAccount
20:08:18.573 [main] INFO  pages.HomePage - Clicked on "MY ACCOUNT" successful 
20:08:29.417 [main] INFO  basemethod.BaseMethod - ******************************
20:08:29.417 [main] INFO  basemethod.BaseMethod - ***********STARTING***********
20:08:29.418 [main] INFO  basemethod.BaseMethod - ******************************
20:08:29.420 [main] INFO  pages.HomePage - MyAccount Test
20:08:29.420 [main] INFO  pages.HomePage - Click on MyAccount
20:08:35.977 [main] INFO  pages.HomePage - Clicked on "MY ACCOUNT" successful 
20:09:07.418 [main] INFO  basemethod.BaseMethod - ******************************
20:09:07.429 [main] INFO  basemethod.BaseMethod - ***********STARTING***********
20:09:07.429 [main] INFO  basemethod.BaseMethod - ******************************
20:09:07.474 [main] INFO  pages.HomePage - MyAccount Test
20:09:07.474 [main] INFO  pages.HomePage - Click on MyAccount
20:09:13.637 [main] INFO  pages.HomePage - Clicked on "MY ACCOUNT" successful 
20:09:25.613 [main] INFO  basemethod.BaseMethod - ******************************
20:09:25.614 [main] INFO  basemethod.BaseMethod - ***********STARTING***********
20:09:25.614 [main] INFO  basemethod.BaseMethod - ******************************
20:09:25.617 [main] INFO  pages.HomePage - MyAccount Test
20:09:25.617 [main] INFO  pages.HomePage - Click on MyAccount
20:09:32.086 [main] INFO  pages.HomePage - Clicked on "MY ACCOUNT" successful 
20:09:43.027 [main] INFO  basemethod.BaseMethod - ******************************
20:09:43.028 [main] INFO  basemethod.BaseMethod - ***********STARTING***********
20:09:43.028 [main] INFO  basemethod.BaseMethod - ******************************
20:09:43.032 [main] INFO  pages.HomePage - MyAccount Test
20:09:43.032 [main] INFO  pages.HomePage - Click on MyAccount
20:09:48.440 [main] INFO  pages.HomePage - Clicked on "MY ACCOUNT" successful 
20:09:59.608 [main] INFO  basemethod.BaseMethod - ******************************
20:09:59.609 [main] INFO  basemethod.BaseMethod - ***********STARTING***********
20:09:59.609 [main] INFO  basemethod.BaseMethod - ******************************
20:09:59.611 [main] INFO  pages.HomePage - MyAccount Test
20:09:59.612 [main] INFO  pages.HomePage - Click on MyAccount
20:10:05.968 [main] INFO  pages.HomePage - Clicked on "MY ACCOUNT" successful 
20:10:18.156 [main] INFO  basemethod.BaseMethod - ******************************
20:10:18.158 [main] INFO  basemethod.BaseMethod - ***********STARTING***********
20:10:18.158 [main] INFO  basemethod.BaseMethod - ******************************
20:10:18.160 [main] INFO  pages.HomePage - MyAccount Test
20:10:18.160 [main] INFO  pages.HomePage - Click on MyAccount
20:10:24.160 [main] INFO  pages.HomePage - Clicked on "MY ACCOUNT" successful 
20:22:23.891 [main] INFO  basemethod.BaseMethod - ******************************
20:22:23.896 [main] INFO  basemethod.BaseMethod - ***********STARTING***********
20:22:23.896 [main] INFO  basemethod.BaseMethod - ******************************
20:22:23.927 [main] INFO  pages.HomePage - MyAccount Test
20:22:23.928 [main] INFO  pages.HomePage - Click on MyAccount
20:22:30.181 [main] INFO  pages.HomePage - Clicked on "MY ACCOUNT" successful 
20:22:30.717 [main] INFO  pages.MyAccountPage - Starting registerNewAccountTest
20:22:30.741 [main] INFO  pages.MyAccountPage - Sending faker email data
20:22:31.205 [main] INFO  pages.MyAccountPage - Sending faker password data
20:22:31.393 [main] INFO  pages.MyAccountPage - Click on registerButton
20:22:31.535 [main] INFO  pages.MyAccountPage - registerNewAccount completed successful
20:22:41.357 [main] INFO  basemethod.BaseMethod - ******************************
20:22:41.358 [main] INFO  basemethod.BaseMethod - ***********STARTING***********
20:22:41.358 [main] INFO  basemethod.BaseMethod - ******************************
20:22:41.362 [main] INFO  pages.HomePage - MyAccount Test
20:22:41.362 [main] INFO  pages.HomePage - Click on MyAccount
20:22:47.381 [main] INFO  pages.HomePage - Clicked on "MY ACCOUNT" successful 
20:22:48.380 [main] INFO  pages.MyAccountPage - Starting registerNewAccountTest
20:22:48.382 [main] INFO  pages.MyAccountPage - Sending faker email data
20:22:48.636 [main] INFO  pages.MyAccountPage - Sending faker password data
20:22:48.835 [main] INFO  pages.MyAccountPage - Click on registerButton
20:22:50.690 [main] INFO  pages.MyAccountPage - registerNewAccount completed successful
20:22:59.502 [main] INFO  basemethod.BaseMethod - ******************************
20:22:59.503 [main] INFO  basemethod.BaseMethod - ***********STARTING***********
20:22:59.506 [main] INFO  basemethod.BaseMethod - ******************************
20:22:59.509 [main] INFO  pages.HomePage - MyAccount Test
20:22:59.509 [main] INFO  pages.HomePage - Click on MyAccount
20:23:05.607 [main] INFO  pages.HomePage - Clicked on "MY ACCOUNT" successful 
20:23:06.031 [main] INFO  pages.MyAccountPage - Starting registerNewAccountTest
20:23:06.032 [main] INFO  pages.MyAccountPage - Sending faker email data
20:23:06.326 [main] INFO  pages.MyAccountPage - Sending faker password data
20:23:06.492 [main] INFO  pages.MyAccountPage - Click on registerButton
20:23:08.245 [main] INFO  pages.MyAccountPage - registerNewAccount completed successful
20:23:17.124 [main] INFO  basemethod.BaseMethod - ******************************
20:23:17.125 [main] INFO  basemethod.BaseMethod - ***********STARTING***********
20:23:17.125 [main] INFO  basemethod.BaseMethod - ******************************
20:23:17.127 [main] INFO  pages.HomePage - MyAccount Test
20:23:17.127 [main] INFO  pages.HomePage - Click on MyAccount
20:23:23.194 [main] INFO  pages.HomePage - Clicked on "MY ACCOUNT" successful 
20:23:23.644 [main] INFO  pages.MyAccountPage - Starting registerNewAccountTest
20:23:23.645 [main] INFO  pages.MyAccountPage - Sending faker email data
20:23:23.900 [main] INFO  pages.MyAccountPage - Sending faker password data
20:23:24.080 [main] INFO  pages.MyAccountPage - Click on registerButton
20:23:25.968 [main] INFO  pages.MyAccountPage - registerNewAccount completed successful
20:23:34.873 [main] INFO  basemethod.BaseMethod - ******************************
20:23:34.873 [main] INFO  basemethod.BaseMethod - ***********STARTING***********
20:23:34.873 [main] INFO  basemethod.BaseMethod - ******************************
20:23:34.875 [main] INFO  pages.HomePage - MyAccount Test
20:23:34.876 [main] INFO  pages.HomePage - Click on MyAccount
20:23:40.358 [main] INFO  pages.HomePage - Clicked on "MY ACCOUNT" successful 
20:23:40.992 [main] INFO  pages.MyAccountPage - Starting registerNewAccountTest
20:23:40.993 [main] INFO  pages.MyAccountPage - Sending faker email data
20:23:41.238 [main] INFO  pages.MyAccountPage - Sending faker password data
20:23:41.410 [main] INFO  pages.MyAccountPage - Click on registerButton
20:23:43.278 [main] INFO  pages.MyAccountPage - registerNewAccount completed successful
20:51:47.522 [main] INFO  basemethod.BaseMethod - ******************************
20:51:47.529 [main] INFO  basemethod.BaseMethod - ***********STARTING***********
20:51:47.529 [main] INFO  basemethod.BaseMethod - ******************************
20:51:47.556 [main] INFO  pages.HomePage - MyAccount Test
